{"timestamp":"2026-02-11T20:34:20.399844Z","level":"info","event":"DAG bundles loaded: dags-folder, example_dags","logger":"airflow.dag_processing.bundles.manager.DagBundlesManager","filename":"manager.py","lineno":179}
{"timestamp":"2026-02-11T20:34:20.404568Z","level":"info","event":"Filling up the DagBag from /opt/airflow/dags/dbt_dag.py","logger":"airflow.models.dagbag.BundleDagBag","filename":"dagbag.py","lineno":593}
{"timestamp":"2026-02-11T20:34:20.456937Z","level":"warning","event":"The `airflow.operators.bash.BashOperator` attribute is deprecated. Please use `'airflow.providers.standard.operators.bash.BashOperator'`.","category":"DeprecatedImportWarning","filename":"/opt/airflow/dags/dbt_dag.py","lineno":2,"logger":"py.warnings"}
{"timestamp":"2026-02-11T20:34:20.594713Z","level":"info","event":"Task instance is in running state","logger":"task.stdout"}
{"timestamp":"2026-02-11T20:34:20.598691Z","level":"info","event":" Previous state of the Task instance: TaskInstanceState.QUEUED","logger":"task.stdout"}
{"timestamp":"2026-02-11T20:34:20.600070Z","level":"info","event":"Current task name:seed_all_files","logger":"task.stdout"}
{"timestamp":"2026-02-11T20:34:20.601373Z","level":"info","event":"Dag name:dbt_dag","logger":"task.stdout"}
{"timestamp":"2026-02-11T20:34:20.596626Z","level":"info","event":"Tmp dir root location: /tmp","logger":"airflow.task.hooks.airflow.providers.standard.hooks.subprocess.SubprocessHook","filename":"subprocess.py","lineno":78}
{"timestamp":"2026-02-11T20:34:20.601094Z","level":"info","event":"Running command: ['/usr/bin/bash', '-c', 'dbt seed --profiles-dir /opt/airflow/.dbt --project-dir /opt/airflow/dbt_project/dbt_potgres']","logger":"airflow.task.hooks.airflow.providers.standard.hooks.subprocess.SubprocessHook","filename":"subprocess.py","lineno":80}
{"timestamp":"2026-02-11T20:34:20.603287Z","level":"info","event":"Output:","logger":"airflow.task.hooks.airflow.providers.standard.hooks.subprocess.SubprocessHook","filename":"subprocess.py","lineno":92}
{"timestamp":"2026-02-11T20:34:25.327980Z","level":"info","event":"\u001b[0m20:34:25  Running with dbt=1.11.4","logger":"airflow.task.hooks.airflow.providers.standard.hooks.subprocess.SubprocessHook","filename":"subprocess.py","lineno":99}
{"timestamp":"2026-02-11T20:34:25.821358Z","level":"info","event":"\u001b[0m20:34:25  Registered adapter: postgres=1.10.0","logger":"airflow.task.hooks.airflow.providers.standard.hooks.subprocess.SubprocessHook","filename":"subprocess.py","lineno":99}
{"timestamp":"2026-02-11T20:34:26.983881Z","level":"info","event":"\u001b[0m20:34:26  Found 8 models, 26 data tests, 4 seeds, 4 sources, 464 macros","logger":"airflow.task.hooks.airflow.providers.standard.hooks.subprocess.SubprocessHook","filename":"subprocess.py","lineno":99}
{"timestamp":"2026-02-11T20:34:26.992101Z","level":"info","event":"\u001b[0m20:34:26","logger":"airflow.task.hooks.airflow.providers.standard.hooks.subprocess.SubprocessHook","filename":"subprocess.py","lineno":99}
{"timestamp":"2026-02-11T20:34:26.993574Z","level":"info","event":"\u001b[0m20:34:26  Concurrency: 1 threads (target='dev')","logger":"airflow.task.hooks.airflow.providers.standard.hooks.subprocess.SubprocessHook","filename":"subprocess.py","lineno":99}
{"timestamp":"2026-02-11T20:34:26.994714Z","level":"info","event":"\u001b[0m20:34:26","logger":"airflow.task.hooks.airflow.providers.standard.hooks.subprocess.SubprocessHook","filename":"subprocess.py","lineno":99}
{"timestamp":"2026-02-11T20:34:27.228133Z","level":"info","event":"\u001b[0m20:34:27  1 of 4 START seed file public.customers ........................................ [RUN]","logger":"airflow.task.hooks.airflow.providers.standard.hooks.subprocess.SubprocessHook","filename":"subprocess.py","lineno":99}
{"timestamp":"2026-02-11T20:34:27.633736Z","level":"info","event":"\u001b[0m20:34:27  1 of 4 OK loaded seed file public.customers .................................... [\u001b[32mINSERT 100\u001b[0m in 0.40s]","logger":"airflow.task.hooks.airflow.providers.standard.hooks.subprocess.SubprocessHook","filename":"subprocess.py","lineno":99}
{"timestamp":"2026-02-11T20:34:27.639453Z","level":"info","event":"\u001b[0m20:34:27  2 of 4 START seed file public.order_items ...................................... [RUN]","logger":"airflow.task.hooks.airflow.providers.standard.hooks.subprocess.SubprocessHook","filename":"subprocess.py","lineno":99}
{"timestamp":"2026-02-11T20:34:28.645171Z","level":"info","event":"\u001b[0m20:34:28  2 of 4 OK loaded seed file public.order_items .................................. [\u001b[32mINSERT 600\u001b[0m in 1.00s]","logger":"airflow.task.hooks.airflow.providers.standard.hooks.subprocess.SubprocessHook","filename":"subprocess.py","lineno":99}
{"timestamp":"2026-02-11T20:34:28.649998Z","level":"info","event":"\u001b[0m20:34:28  3 of 4 START seed file public.orders ........................................... [RUN]","logger":"airflow.task.hooks.airflow.providers.standard.hooks.subprocess.SubprocessHook","filename":"subprocess.py","lineno":99}
{"timestamp":"2026-02-11T20:34:29.181671Z","level":"info","event":"\u001b[0m20:34:29  3 of 4 OK loaded seed file public.orders ....................................... [\u001b[32mINSERT 300\u001b[0m in 0.53s]","logger":"airflow.task.hooks.airflow.providers.standard.hooks.subprocess.SubprocessHook","filename":"subprocess.py","lineno":99}
{"timestamp":"2026-02-11T20:34:29.187537Z","level":"info","event":"\u001b[0m20:34:29  4 of 4 START seed file public.products ......................................... [RUN]","logger":"airflow.task.hooks.airflow.providers.standard.hooks.subprocess.SubprocessHook","filename":"subprocess.py","lineno":99}
{"timestamp":"2026-02-11T20:34:29.282152Z","level":"info","event":"\u001b[0m20:34:29  4 of 4 OK loaded seed file public.products ..................................... [\u001b[32mINSERT 10\u001b[0m in 0.09s]","logger":"airflow.task.hooks.airflow.providers.standard.hooks.subprocess.SubprocessHook","filename":"subprocess.py","lineno":99}
{"timestamp":"2026-02-11T20:34:29.311631Z","level":"info","event":"\u001b[0m20:34:29","logger":"airflow.task.hooks.airflow.providers.standard.hooks.subprocess.SubprocessHook","filename":"subprocess.py","lineno":99}
{"timestamp":"2026-02-11T20:34:29.312820Z","level":"info","event":"\u001b[0m20:34:29  Finished running 4 seeds in 0 hours 0 minutes and 2.32 seconds (2.32s).","logger":"airflow.task.hooks.airflow.providers.standard.hooks.subprocess.SubprocessHook","filename":"subprocess.py","lineno":99}
{"timestamp":"2026-02-11T20:34:29.411230Z","level":"info","event":"\u001b[0m20:34:29","logger":"airflow.task.hooks.airflow.providers.standard.hooks.subprocess.SubprocessHook","filename":"subprocess.py","lineno":99}
{"timestamp":"2026-02-11T20:34:29.412349Z","level":"info","event":"\u001b[0m20:34:29  \u001b[32mCompleted successfully\u001b[0m","logger":"airflow.task.hooks.airflow.providers.standard.hooks.subprocess.SubprocessHook","filename":"subprocess.py","lineno":99}
{"timestamp":"2026-02-11T20:34:29.413313Z","level":"info","event":"\u001b[0m20:34:29","logger":"airflow.task.hooks.airflow.providers.standard.hooks.subprocess.SubprocessHook","filename":"subprocess.py","lineno":99}
{"timestamp":"2026-02-11T20:34:29.414327Z","level":"info","event":"\u001b[0m20:34:29  Done. PASS=4 WARN=0 ERROR=0 SKIP=0 NO-OP=0 TOTAL=4","logger":"airflow.task.hooks.airflow.providers.standard.hooks.subprocess.SubprocessHook","filename":"subprocess.py","lineno":99}
{"timestamp":"2026-02-11T20:34:30.740178Z","level":"info","event":"Command exited with return code 0","logger":"airflow.task.hooks.airflow.providers.standard.hooks.subprocess.SubprocessHook","filename":"subprocess.py","lineno":103}
{"timestamp":"2026-02-11T20:34:30.741126Z","level":"info","event":"Pushing xcom","ti":"RuntimeTaskInstance(id=UUID('019c4e69-710a-78cb-a7ee-a734169d7935'), task_id='seed_all_files', dag_id='dbt_dag', run_id='manual__2026-02-11T20:34:18.976998+00:00', try_number=1, dag_version_id=UUID('019c4e47-5e36-7df3-ae78-af530bb34aa8'), map_index=-1, hostname='5c691c1b3829', context_carrier={}, task=<Task(BashOperator): seed_all_files>, bundle_instance=LocalDagBundle(name=dags-folder), max_tries=1, start_date=datetime.datetime(2026, 2, 11, 20, 34, 19, 987471, tzinfo=datetime.timezone.utc), end_date=None, state=<TaskInstanceState.RUNNING: 'running'>, is_mapped=False, rendered_map_index=None)","logger":"task","filename":"task_runner.py","lineno":1522}
{"timestamp":"2026-02-11T20:34:30.787966Z","level":"info","event":"Task instance in success state","logger":"task.stdout"}
{"timestamp":"2026-02-11T20:34:30.788637Z","level":"info","event":" Previous state of the Task instance: TaskInstanceState.RUNNING","logger":"task.stdout"}
{"timestamp":"2026-02-11T20:34:30.789211Z","level":"info","event":"Task operator:<Task(BashOperator): seed_all_files>","logger":"task.stdout"}
