{"timestamp":"2026-02-11T20:33:56.991730Z","level":"info","event":"DAG bundles loaded: dags-folder, example_dags","logger":"airflow.dag_processing.bundles.manager.DagBundlesManager","filename":"manager.py","lineno":179}
{"timestamp":"2026-02-11T20:33:56.995338Z","level":"info","event":"Filling up the DagBag from /opt/airflow/dags/dbt_dag.py","logger":"airflow.models.dagbag.BundleDagBag","filename":"dagbag.py","lineno":593}
{"timestamp":"2026-02-11T20:33:57.033077Z","level":"warning","event":"The `airflow.operators.bash.BashOperator` attribute is deprecated. Please use `'airflow.providers.standard.operators.bash.BashOperator'`.","category":"DeprecatedImportWarning","filename":"/opt/airflow/dags/dbt_dag.py","lineno":2,"logger":"py.warnings"}
{"timestamp":"2026-02-11T20:33:57.122018Z","level":"info","event":"Task instance is in running state","logger":"task.stdout"}
{"timestamp":"2026-02-11T20:33:57.122406Z","level":"info","event":" Previous state of the Task instance: TaskInstanceState.QUEUED","logger":"task.stdout"}
{"timestamp":"2026-02-11T20:33:57.123059Z","level":"info","event":"Current task name:seed_all_files","logger":"task.stdout"}
{"timestamp":"2026-02-11T20:33:57.123714Z","level":"info","event":"Dag name:dbt_dag","logger":"task.stdout"}
{"timestamp":"2026-02-11T20:33:57.123805Z","level":"info","event":"Tmp dir root location: /tmp","logger":"airflow.task.hooks.airflow.providers.standard.hooks.subprocess.SubprocessHook","filename":"subprocess.py","lineno":78}
{"timestamp":"2026-02-11T20:33:57.126046Z","level":"info","event":"Running command: ['/usr/bin/bash', '-c', 'dbt seed --profiles-dir /opt/airflow/.dbt --project-dir /opt/airflow/dbt_project/dbt_potgres']","logger":"airflow.task.hooks.airflow.providers.standard.hooks.subprocess.SubprocessHook","filename":"subprocess.py","lineno":80}
{"timestamp":"2026-02-11T20:33:57.127853Z","level":"info","event":"Output:","logger":"airflow.task.hooks.airflow.providers.standard.hooks.subprocess.SubprocessHook","filename":"subprocess.py","lineno":92}
{"timestamp":"2026-02-11T20:34:01.252988Z","level":"info","event":"\u001b[0m20:34:01  Running with dbt=1.11.4","logger":"airflow.task.hooks.airflow.providers.standard.hooks.subprocess.SubprocessHook","filename":"subprocess.py","lineno":99}
{"timestamp":"2026-02-11T20:34:02.467438Z","level":"info","event":"\u001b[0m20:34:02  Registered adapter: postgres=1.10.0","logger":"airflow.task.hooks.airflow.providers.standard.hooks.subprocess.SubprocessHook","filename":"subprocess.py","lineno":99}
{"timestamp":"2026-02-11T20:34:03.588419Z","level":"info","event":"\u001b[0m20:34:03  Unable to do partial parsing because of a version mismatch","logger":"airflow.task.hooks.airflow.providers.standard.hooks.subprocess.SubprocessHook","filename":"subprocess.py","lineno":99}
{"timestamp":"2026-02-11T20:34:05.560457Z","level":"info","event":"\u001b[0m20:34:05  Found 8 models, 26 data tests, 4 seeds, 4 sources, 464 macros","logger":"airflow.task.hooks.airflow.providers.standard.hooks.subprocess.SubprocessHook","filename":"subprocess.py","lineno":99}
{"timestamp":"2026-02-11T20:34:05.574034Z","level":"info","event":"\u001b[0m20:34:05","logger":"airflow.task.hooks.airflow.providers.standard.hooks.subprocess.SubprocessHook","filename":"subprocess.py","lineno":99}
{"timestamp":"2026-02-11T20:34:05.576166Z","level":"info","event":"\u001b[0m20:34:05  Concurrency: 1 threads (target='dev')","logger":"airflow.task.hooks.airflow.providers.standard.hooks.subprocess.SubprocessHook","filename":"subprocess.py","lineno":99}
{"timestamp":"2026-02-11T20:34:05.577677Z","level":"info","event":"\u001b[0m20:34:05","logger":"airflow.task.hooks.airflow.providers.standard.hooks.subprocess.SubprocessHook","filename":"subprocess.py","lineno":99}
{"timestamp":"2026-02-11T20:34:05.924925Z","level":"info","event":"\u001b[0m20:34:05  1 of 4 START seed file public.customers ........................................ [RUN]","logger":"airflow.task.hooks.airflow.providers.standard.hooks.subprocess.SubprocessHook","filename":"subprocess.py","lineno":99}
{"timestamp":"2026-02-11T20:34:06.332308Z","level":"info","event":"\u001b[0m20:34:06  1 of 4 OK loaded seed file public.customers .................................... [\u001b[32mINSERT 100\u001b[0m in 0.40s]","logger":"airflow.task.hooks.airflow.providers.standard.hooks.subprocess.SubprocessHook","filename":"subprocess.py","lineno":99}
{"timestamp":"2026-02-11T20:34:06.336107Z","level":"info","event":"\u001b[0m20:34:06  2 of 4 START seed file public.order_items ...................................... [RUN]","logger":"airflow.task.hooks.airflow.providers.standard.hooks.subprocess.SubprocessHook","filename":"subprocess.py","lineno":99}
{"timestamp":"2026-02-11T20:34:07.698826Z","level":"info","event":"\u001b[0m20:34:07  2 of 4 OK loaded seed file public.order_items .................................. [\u001b[32mINSERT 600\u001b[0m in 1.36s]","logger":"airflow.task.hooks.airflow.providers.standard.hooks.subprocess.SubprocessHook","filename":"subprocess.py","lineno":99}
{"timestamp":"2026-02-11T20:34:07.705057Z","level":"info","event":"\u001b[0m20:34:07  3 of 4 START seed file public.orders ........................................... [RUN]","logger":"airflow.task.hooks.airflow.providers.standard.hooks.subprocess.SubprocessHook","filename":"subprocess.py","lineno":99}
{"timestamp":"2026-02-11T20:34:08.576073Z","level":"info","event":"\u001b[0m20:34:08  3 of 4 OK loaded seed file public.orders ....................................... [\u001b[32mINSERT 300\u001b[0m in 0.87s]","logger":"airflow.task.hooks.airflow.providers.standard.hooks.subprocess.SubprocessHook","filename":"subprocess.py","lineno":99}
{"timestamp":"2026-02-11T20:34:08.580725Z","level":"info","event":"\u001b[0m20:34:08  4 of 4 START seed file public.products ......................................... [RUN]","logger":"airflow.task.hooks.airflow.providers.standard.hooks.subprocess.SubprocessHook","filename":"subprocess.py","lineno":99}
{"timestamp":"2026-02-11T20:34:08.695776Z","level":"info","event":"\u001b[0m20:34:08  4 of 4 OK loaded seed file public.products ..................................... [\u001b[32mINSERT 10\u001b[0m in 0.11s]","logger":"airflow.task.hooks.airflow.providers.standard.hooks.subprocess.SubprocessHook","filename":"subprocess.py","lineno":99}
{"timestamp":"2026-02-11T20:34:08.726486Z","level":"info","event":"\u001b[0m20:34:08","logger":"airflow.task.hooks.airflow.providers.standard.hooks.subprocess.SubprocessHook","filename":"subprocess.py","lineno":99}
{"timestamp":"2026-02-11T20:34:08.728119Z","level":"info","event":"\u001b[0m20:34:08  Finished running 4 seeds in 0 hours 0 minutes and 3.15 seconds (3.15s).","logger":"airflow.task.hooks.airflow.providers.standard.hooks.subprocess.SubprocessHook","filename":"subprocess.py","lineno":99}
{"timestamp":"2026-02-11T20:34:08.842888Z","level":"info","event":"\u001b[0m20:34:08","logger":"airflow.task.hooks.airflow.providers.standard.hooks.subprocess.SubprocessHook","filename":"subprocess.py","lineno":99}
{"timestamp":"2026-02-11T20:34:08.844679Z","level":"info","event":"\u001b[0m20:34:08  \u001b[32mCompleted successfully\u001b[0m","logger":"airflow.task.hooks.airflow.providers.standard.hooks.subprocess.SubprocessHook","filename":"subprocess.py","lineno":99}
{"timestamp":"2026-02-11T20:34:08.845848Z","level":"info","event":"\u001b[0m20:34:08","logger":"airflow.task.hooks.airflow.providers.standard.hooks.subprocess.SubprocessHook","filename":"subprocess.py","lineno":99}
{"timestamp":"2026-02-11T20:34:08.846920Z","level":"info","event":"\u001b[0m20:34:08  Done. PASS=4 WARN=0 ERROR=0 SKIP=0 NO-OP=0 TOTAL=4","logger":"airflow.task.hooks.airflow.providers.standard.hooks.subprocess.SubprocessHook","filename":"subprocess.py","lineno":99}
{"timestamp":"2026-02-11T20:34:10.666137Z","level":"info","event":"Command exited with return code 0","logger":"airflow.task.hooks.airflow.providers.standard.hooks.subprocess.SubprocessHook","filename":"subprocess.py","lineno":103}
{"timestamp":"2026-02-11T20:34:10.667463Z","level":"info","event":"Pushing xcom","ti":"RuntimeTaskInstance(id=UUID('019c4e69-0ca3-7f28-a26f-c73a032fbf21'), task_id='seed_all_files', dag_id='dbt_dag', run_id='scheduled__2026-02-11T00:00:00+00:00', try_number=1, dag_version_id=UUID('019c4e47-5e36-7df3-ae78-af530bb34aa8'), map_index=-1, hostname='5c691c1b3829', context_carrier={}, task=<Task(BashOperator): seed_all_files>, bundle_instance=LocalDagBundle(name=dags-folder), max_tries=1, start_date=datetime.datetime(2026, 2, 11, 20, 33, 53, 771066, tzinfo=datetime.timezone.utc), end_date=None, state=<TaskInstanceState.RUNNING: 'running'>, is_mapped=False, rendered_map_index=None)","logger":"task","filename":"task_runner.py","lineno":1522}
{"timestamp":"2026-02-11T20:34:10.800722Z","level":"info","event":"Task instance in success state","logger":"task.stdout"}
{"timestamp":"2026-02-11T20:34:10.801269Z","level":"info","event":" Previous state of the Task instance: TaskInstanceState.RUNNING","logger":"task.stdout"}
{"timestamp":"2026-02-11T20:34:10.801853Z","level":"info","event":"Task operator:<Task(BashOperator): seed_all_files>","logger":"task.stdout"}
