{"timestamp":"2026-02-11T20:38:56.204366Z","level":"info","event":"DAG bundles loaded: dags-folder, example_dags","logger":"airflow.dag_processing.bundles.manager.DagBundlesManager","filename":"manager.py","lineno":179}
{"timestamp":"2026-02-11T20:38:56.207236Z","level":"info","event":"Filling up the DagBag from /opt/airflow/dags/dbt_dag.py","logger":"airflow.models.dagbag.BundleDagBag","filename":"dagbag.py","lineno":593}
{"timestamp":"2026-02-11T20:38:56.239403Z","level":"warning","event":"The `airflow.operators.bash.BashOperator` attribute is deprecated. Please use `'airflow.providers.standard.operators.bash.BashOperator'`.","category":"DeprecatedImportWarning","filename":"/opt/airflow/dags/dbt_dag.py","lineno":2,"logger":"py.warnings"}
{"timestamp":"2026-02-11T20:38:56.278813Z","level":"info","event":"Task instance is in running state","logger":"task.stdout"}
{"timestamp":"2026-02-11T20:38:56.279379Z","level":"info","event":" Previous state of the Task instance: TaskInstanceState.QUEUED","logger":"task.stdout"}
{"timestamp":"2026-02-11T20:38:56.279872Z","level":"info","event":"Current task name:seed_all_files","logger":"task.stdout"}
{"timestamp":"2026-02-11T20:38:56.280240Z","level":"info","event":"Dag name:dbt_dag","logger":"task.stdout"}
{"timestamp":"2026-02-11T20:38:56.280690Z","level":"info","event":"Tmp dir root location: /tmp","logger":"airflow.task.hooks.airflow.providers.standard.hooks.subprocess.SubprocessHook","filename":"subprocess.py","lineno":78}
{"timestamp":"2026-02-11T20:38:56.284268Z","level":"info","event":"Running command: ['/usr/bin/bash', '-c', 'dbt seed --profiles-dir /opt/airflow/.dbt --project-dir /opt/airflow/dbt_project/dbt_potgres']","logger":"airflow.task.hooks.airflow.providers.standard.hooks.subprocess.SubprocessHook","filename":"subprocess.py","lineno":80}
{"timestamp":"2026-02-11T20:38:56.286224Z","level":"info","event":"Output:","logger":"airflow.task.hooks.airflow.providers.standard.hooks.subprocess.SubprocessHook","filename":"subprocess.py","lineno":92}
{"timestamp":"2026-02-11T20:39:00.176005Z","level":"info","event":"\u001b[0m20:39:00  Running with dbt=1.11.4","logger":"airflow.task.hooks.airflow.providers.standard.hooks.subprocess.SubprocessHook","filename":"subprocess.py","lineno":99}
{"timestamp":"2026-02-11T20:39:00.742315Z","level":"info","event":"\u001b[0m20:39:00  Registered adapter: postgres=1.10.0","logger":"airflow.task.hooks.airflow.providers.standard.hooks.subprocess.SubprocessHook","filename":"subprocess.py","lineno":99}
{"timestamp":"2026-02-11T20:39:03.436995Z","level":"info","event":"\u001b[0m20:39:03  Found 4 seeds, 8 models, 26 data tests, 4 sources, 464 macros","logger":"airflow.task.hooks.airflow.providers.standard.hooks.subprocess.SubprocessHook","filename":"subprocess.py","lineno":99}
{"timestamp":"2026-02-11T20:39:03.446330Z","level":"info","event":"\u001b[0m20:39:03","logger":"airflow.task.hooks.airflow.providers.standard.hooks.subprocess.SubprocessHook","filename":"subprocess.py","lineno":99}
{"timestamp":"2026-02-11T20:39:03.448166Z","level":"info","event":"\u001b[0m20:39:03  Concurrency: 1 threads (target='dev')","logger":"airflow.task.hooks.airflow.providers.standard.hooks.subprocess.SubprocessHook","filename":"subprocess.py","lineno":99}
{"timestamp":"2026-02-11T20:39:03.449508Z","level":"info","event":"\u001b[0m20:39:03","logger":"airflow.task.hooks.airflow.providers.standard.hooks.subprocess.SubprocessHook","filename":"subprocess.py","lineno":99}
{"timestamp":"2026-02-11T20:39:03.752761Z","level":"info","event":"\u001b[0m20:39:03  1 of 4 START seed file public.customers ........................................ [RUN]","logger":"airflow.task.hooks.airflow.providers.standard.hooks.subprocess.SubprocessHook","filename":"subprocess.py","lineno":99}
{"timestamp":"2026-02-11T20:39:04.317637Z","level":"info","event":"\u001b[0m20:39:04  1 of 4 OK loaded seed file public.customers .................................... [\u001b[32mINSERT 100\u001b[0m in 0.56s]","logger":"airflow.task.hooks.airflow.providers.standard.hooks.subprocess.SubprocessHook","filename":"subprocess.py","lineno":99}
{"timestamp":"2026-02-11T20:39:04.344733Z","level":"info","event":"\u001b[0m20:39:04  2 of 4 START seed file public.order_items ...................................... [RUN]","logger":"airflow.task.hooks.airflow.providers.standard.hooks.subprocess.SubprocessHook","filename":"subprocess.py","lineno":99}
{"timestamp":"2026-02-11T20:39:05.636292Z","level":"info","event":"\u001b[0m20:39:05  2 of 4 OK loaded seed file public.order_items .................................. [\u001b[32mINSERT 600\u001b[0m in 1.29s]","logger":"airflow.task.hooks.airflow.providers.standard.hooks.subprocess.SubprocessHook","filename":"subprocess.py","lineno":99}
{"timestamp":"2026-02-11T20:39:05.642679Z","level":"info","event":"\u001b[0m20:39:05  3 of 4 START seed file public.orders ........................................... [RUN]","logger":"airflow.task.hooks.airflow.providers.standard.hooks.subprocess.SubprocessHook","filename":"subprocess.py","lineno":99}
{"timestamp":"2026-02-11T20:39:06.253966Z","level":"info","event":"\u001b[0m20:39:06  3 of 4 OK loaded seed file public.orders ....................................... [\u001b[32mINSERT 300\u001b[0m in 0.61s]","logger":"airflow.task.hooks.airflow.providers.standard.hooks.subprocess.SubprocessHook","filename":"subprocess.py","lineno":99}
{"timestamp":"2026-02-11T20:39:06.259608Z","level":"info","event":"\u001b[0m20:39:06  4 of 4 START seed file public.products ......................................... [RUN]","logger":"airflow.task.hooks.airflow.providers.standard.hooks.subprocess.SubprocessHook","filename":"subprocess.py","lineno":99}
{"timestamp":"2026-02-11T20:39:06.367911Z","level":"info","event":"\u001b[0m20:39:06  4 of 4 OK loaded seed file public.products ..................................... [\u001b[32mINSERT 10\u001b[0m in 0.11s]","logger":"airflow.task.hooks.airflow.providers.standard.hooks.subprocess.SubprocessHook","filename":"subprocess.py","lineno":99}
{"timestamp":"2026-02-11T20:39:06.393348Z","level":"info","event":"\u001b[0m20:39:06","logger":"airflow.task.hooks.airflow.providers.standard.hooks.subprocess.SubprocessHook","filename":"subprocess.py","lineno":99}
{"timestamp":"2026-02-11T20:39:06.394803Z","level":"info","event":"\u001b[0m20:39:06  Finished running 4 seeds in 0 hours 0 minutes and 2.94 seconds (2.94s).","logger":"airflow.task.hooks.airflow.providers.standard.hooks.subprocess.SubprocessHook","filename":"subprocess.py","lineno":99}
{"timestamp":"2026-02-11T20:39:06.477275Z","level":"info","event":"\u001b[0m20:39:06","logger":"airflow.task.hooks.airflow.providers.standard.hooks.subprocess.SubprocessHook","filename":"subprocess.py","lineno":99}
{"timestamp":"2026-02-11T20:39:06.478586Z","level":"info","event":"\u001b[0m20:39:06  \u001b[32mCompleted successfully\u001b[0m","logger":"airflow.task.hooks.airflow.providers.standard.hooks.subprocess.SubprocessHook","filename":"subprocess.py","lineno":99}
{"timestamp":"2026-02-11T20:39:06.479530Z","level":"info","event":"\u001b[0m20:39:06","logger":"airflow.task.hooks.airflow.providers.standard.hooks.subprocess.SubprocessHook","filename":"subprocess.py","lineno":99}
{"timestamp":"2026-02-11T20:39:06.480533Z","level":"info","event":"\u001b[0m20:39:06  Done. PASS=4 WARN=0 ERROR=0 SKIP=0 NO-OP=0 TOTAL=4","logger":"airflow.task.hooks.airflow.providers.standard.hooks.subprocess.SubprocessHook","filename":"subprocess.py","lineno":99}
{"timestamp":"2026-02-11T20:39:06.815058Z","level":"info","event":"Command exited with return code 0","logger":"airflow.task.hooks.airflow.providers.standard.hooks.subprocess.SubprocessHook","filename":"subprocess.py","lineno":103}
{"timestamp":"2026-02-11T20:39:06.816113Z","level":"info","event":"Pushing xcom","ti":"RuntimeTaskInstance(id=UUID('019c4e6d-a662-7deb-8d05-174a44a2067c'), task_id='seed_all_files', dag_id='dbt_dag', run_id='manual__2026-02-11T20:38:54.788723+00:00', try_number=1, dag_version_id=UUID('019c4e47-5e36-7df3-ae78-af530bb34aa8'), map_index=-1, hostname='5c691c1b3829', context_carrier={}, task=<Task(BashOperator): seed_all_files>, bundle_instance=LocalDagBundle(name=dags-folder), max_tries=1, start_date=datetime.datetime(2026, 2, 11, 20, 38, 56, 153492, tzinfo=datetime.timezone.utc), end_date=None, state=<TaskInstanceState.RUNNING: 'running'>, is_mapped=False, rendered_map_index=None)","logger":"task","filename":"task_runner.py","lineno":1522}
{"timestamp":"2026-02-11T20:39:06.954720Z","level":"info","event":"Task instance in success state","logger":"task.stdout"}
{"timestamp":"2026-02-11T20:39:06.957246Z","level":"info","event":" Previous state of the Task instance: TaskInstanceState.RUNNING","logger":"task.stdout"}
{"timestamp":"2026-02-11T20:39:06.959657Z","level":"info","event":"Task operator:<Task(BashOperator): seed_all_files>","logger":"task.stdout"}
