{"timestamp":"2026-02-11T20:39:23.558552Z","level":"info","event":"DAG bundles loaded: dags-folder, example_dags","logger":"airflow.dag_processing.bundles.manager.DagBundlesManager","filename":"manager.py","lineno":179}
{"timestamp":"2026-02-11T20:39:23.567553Z","level":"info","event":"Filling up the DagBag from /opt/airflow/dags/dbt_dag.py","logger":"airflow.models.dagbag.BundleDagBag","filename":"dagbag.py","lineno":593}
{"timestamp":"2026-02-11T20:39:23.639138Z","level":"warning","event":"The `airflow.operators.bash.BashOperator` attribute is deprecated. Please use `'airflow.providers.standard.operators.bash.BashOperator'`.","category":"DeprecatedImportWarning","filename":"/opt/airflow/dags/dbt_dag.py","lineno":2,"logger":"py.warnings"}
{"timestamp":"2026-02-11T20:39:23.820090Z","level":"info","event":"Task instance is in running state","logger":"task.stdout"}
{"timestamp":"2026-02-11T20:39:23.821664Z","level":"info","event":" Previous state of the Task instance: TaskInstanceState.QUEUED","logger":"task.stdout"}
{"timestamp":"2026-02-11T20:39:23.829079Z","level":"info","event":"Current task name:run_all_models","logger":"task.stdout"}
{"timestamp":"2026-02-11T20:39:23.830122Z","level":"info","event":"Dag name:dbt_dag","logger":"task.stdout"}
{"timestamp":"2026-02-11T20:39:23.805726Z","level":"info","event":"Tmp dir root location: /tmp","logger":"airflow.task.hooks.airflow.providers.standard.hooks.subprocess.SubprocessHook","filename":"subprocess.py","lineno":78}
{"timestamp":"2026-02-11T20:39:23.822635Z","level":"info","event":"Running command: ['/usr/bin/bash', '-c', 'dbt run --profiles-dir /opt/airflow/.dbt --project-dir /opt/airflow/dbt_project/dbt_potgres']","logger":"airflow.task.hooks.airflow.providers.standard.hooks.subprocess.SubprocessHook","filename":"subprocess.py","lineno":80}
{"timestamp":"2026-02-11T20:39:23.825685Z","level":"info","event":"Output:","logger":"airflow.task.hooks.airflow.providers.standard.hooks.subprocess.SubprocessHook","filename":"subprocess.py","lineno":92}
{"timestamp":"2026-02-11T20:39:29.368897Z","level":"info","event":"\u001b[0m20:39:29  Running with dbt=1.11.4","logger":"airflow.task.hooks.airflow.providers.standard.hooks.subprocess.SubprocessHook","filename":"subprocess.py","lineno":99}
{"timestamp":"2026-02-11T20:39:30.361718Z","level":"info","event":"\u001b[0m20:39:30  Registered adapter: postgres=1.10.0","logger":"airflow.task.hooks.airflow.providers.standard.hooks.subprocess.SubprocessHook","filename":"subprocess.py","lineno":99}
{"timestamp":"2026-02-11T20:39:31.770156Z","level":"info","event":"\u001b[0m20:39:31  Found 4 seeds, 8 models, 26 data tests, 4 sources, 464 macros","logger":"airflow.task.hooks.airflow.providers.standard.hooks.subprocess.SubprocessHook","filename":"subprocess.py","lineno":99}
{"timestamp":"2026-02-11T20:39:31.779295Z","level":"info","event":"\u001b[0m20:39:31","logger":"airflow.task.hooks.airflow.providers.standard.hooks.subprocess.SubprocessHook","filename":"subprocess.py","lineno":99}
{"timestamp":"2026-02-11T20:39:31.781055Z","level":"info","event":"\u001b[0m20:39:31  Concurrency: 1 threads (target='dev')","logger":"airflow.task.hooks.airflow.providers.standard.hooks.subprocess.SubprocessHook","filename":"subprocess.py","lineno":99}
{"timestamp":"2026-02-11T20:39:31.782535Z","level":"info","event":"\u001b[0m20:39:31","logger":"airflow.task.hooks.airflow.providers.standard.hooks.subprocess.SubprocessHook","filename":"subprocess.py","lineno":99}
{"timestamp":"2026-02-11T20:39:32.051937Z","level":"info","event":"\u001b[0m20:39:32  1 of 8 START sql view model public.stg_customers ............................... [RUN]","logger":"airflow.task.hooks.airflow.providers.standard.hooks.subprocess.SubprocessHook","filename":"subprocess.py","lineno":99}
{"timestamp":"2026-02-11T20:39:32.376211Z","level":"info","event":"\u001b[0m20:39:32  1 of 8 OK created sql view model public.stg_customers .......................... [\u001b[32mCREATE VIEW\u001b[0m in 0.32s]","logger":"airflow.task.hooks.airflow.providers.standard.hooks.subprocess.SubprocessHook","filename":"subprocess.py","lineno":99}
{"timestamp":"2026-02-11T20:39:32.381003Z","level":"info","event":"\u001b[0m20:39:32  2 of 8 START sql view model public.stg_order_items ............................. [RUN]","logger":"airflow.task.hooks.airflow.providers.standard.hooks.subprocess.SubprocessHook","filename":"subprocess.py","lineno":99}
{"timestamp":"2026-02-11T20:39:32.582159Z","level":"info","event":"\u001b[0m20:39:32  2 of 8 OK created sql view model public.stg_order_items ........................ [\u001b[32mCREATE VIEW\u001b[0m in 0.20s]","logger":"airflow.task.hooks.airflow.providers.standard.hooks.subprocess.SubprocessHook","filename":"subprocess.py","lineno":99}
{"timestamp":"2026-02-11T20:39:32.585846Z","level":"info","event":"\u001b[0m20:39:32  3 of 8 START sql view model public.stg_orders .................................. [RUN]","logger":"airflow.task.hooks.airflow.providers.standard.hooks.subprocess.SubprocessHook","filename":"subprocess.py","lineno":99}
{"timestamp":"2026-02-11T20:39:32.712782Z","level":"info","event":"\u001b[0m20:39:32  3 of 8 OK created sql view model public.stg_orders ............................. [\u001b[32mCREATE VIEW\u001b[0m in 0.12s]","logger":"airflow.task.hooks.airflow.providers.standard.hooks.subprocess.SubprocessHook","filename":"subprocess.py","lineno":99}
{"timestamp":"2026-02-11T20:39:32.718944Z","level":"info","event":"\u001b[0m20:39:32  4 of 8 START sql view model public.stg_products ................................ [RUN]","logger":"airflow.task.hooks.airflow.providers.standard.hooks.subprocess.SubprocessHook","filename":"subprocess.py","lineno":99}
{"timestamp":"2026-02-11T20:39:32.864615Z","level":"info","event":"\u001b[0m20:39:32  4 of 8 OK created sql view model public.stg_products ........................... [\u001b[32mCREATE VIEW\u001b[0m in 0.14s]","logger":"airflow.task.hooks.airflow.providers.standard.hooks.subprocess.SubprocessHook","filename":"subprocess.py","lineno":99}
{"timestamp":"2026-02-11T20:39:32.869853Z","level":"info","event":"\u001b[0m20:39:32  5 of 8 START sql table model public.dim_customers .............................. [RUN]","logger":"airflow.task.hooks.airflow.providers.standard.hooks.subprocess.SubprocessHook","filename":"subprocess.py","lineno":99}
{"timestamp":"2026-02-11T20:39:33.027037Z","level":"info","event":"\u001b[0m20:39:33  5 of 8 OK created sql table model public.dim_customers ......................... [\u001b[32mSELECT 100\u001b[0m in 0.15s]","logger":"airflow.task.hooks.airflow.providers.standard.hooks.subprocess.SubprocessHook","filename":"subprocess.py","lineno":99}
{"timestamp":"2026-02-11T20:39:33.030898Z","level":"info","event":"\u001b[0m20:39:33  6 of 8 START sql table model public.dim_date ................................... [RUN]","logger":"airflow.task.hooks.airflow.providers.standard.hooks.subprocess.SubprocessHook","filename":"subprocess.py","lineno":99}
{"timestamp":"2026-02-11T20:39:33.157465Z","level":"info","event":"\u001b[0m20:39:33  6 of 8 OK created sql table model public.dim_date .............................. [\u001b[32mSELECT 51\u001b[0m in 0.12s]","logger":"airflow.task.hooks.airflow.providers.standard.hooks.subprocess.SubprocessHook","filename":"subprocess.py","lineno":99}
{"timestamp":"2026-02-11T20:39:33.163340Z","level":"info","event":"\u001b[0m20:39:33  7 of 8 START sql table model public.dim_products ............................... [RUN]","logger":"airflow.task.hooks.airflow.providers.standard.hooks.subprocess.SubprocessHook","filename":"subprocess.py","lineno":99}
{"timestamp":"2026-02-11T20:39:33.286451Z","level":"info","event":"\u001b[0m20:39:33  7 of 8 OK created sql table model public.dim_products .......................... [\u001b[32mSELECT 10\u001b[0m in 0.12s]","logger":"airflow.task.hooks.airflow.providers.standard.hooks.subprocess.SubprocessHook","filename":"subprocess.py","lineno":99}
{"timestamp":"2026-02-11T20:39:33.291418Z","level":"info","event":"\u001b[0m20:39:33  8 of 8 START sql table model public.fct_order_items ............................ [RUN]","logger":"airflow.task.hooks.airflow.providers.standard.hooks.subprocess.SubprocessHook","filename":"subprocess.py","lineno":99}
{"timestamp":"2026-02-11T20:39:33.415420Z","level":"info","event":"\u001b[0m20:39:33  8 of 8 OK created sql table model public.fct_order_items ....................... [\u001b[32mSELECT 600\u001b[0m in 0.12s]","logger":"airflow.task.hooks.airflow.providers.standard.hooks.subprocess.SubprocessHook","filename":"subprocess.py","lineno":99}
{"timestamp":"2026-02-11T20:39:33.449828Z","level":"info","event":"\u001b[0m20:39:33","logger":"airflow.task.hooks.airflow.providers.standard.hooks.subprocess.SubprocessHook","filename":"subprocess.py","lineno":99}
{"timestamp":"2026-02-11T20:39:33.450964Z","level":"info","event":"\u001b[0m20:39:33  Finished running 4 table models, 4 view models in 0 hours 0 minutes and 1.67 seconds (1.67s).","logger":"airflow.task.hooks.airflow.providers.standard.hooks.subprocess.SubprocessHook","filename":"subprocess.py","lineno":99}
{"timestamp":"2026-02-11T20:39:33.556118Z","level":"info","event":"\u001b[0m20:39:33","logger":"airflow.task.hooks.airflow.providers.standard.hooks.subprocess.SubprocessHook","filename":"subprocess.py","lineno":99}
{"timestamp":"2026-02-11T20:39:33.557711Z","level":"info","event":"\u001b[0m20:39:33  \u001b[32mCompleted successfully\u001b[0m","logger":"airflow.task.hooks.airflow.providers.standard.hooks.subprocess.SubprocessHook","filename":"subprocess.py","lineno":99}
{"timestamp":"2026-02-11T20:39:33.559113Z","level":"info","event":"\u001b[0m20:39:33","logger":"airflow.task.hooks.airflow.providers.standard.hooks.subprocess.SubprocessHook","filename":"subprocess.py","lineno":99}
{"timestamp":"2026-02-11T20:39:33.561221Z","level":"info","event":"\u001b[0m20:39:33  Done. PASS=8 WARN=0 ERROR=0 SKIP=0 NO-OP=0 TOTAL=8","logger":"airflow.task.hooks.airflow.providers.standard.hooks.subprocess.SubprocessHook","filename":"subprocess.py","lineno":99}
{"timestamp":"2026-02-11T20:39:35.203581Z","level":"info","event":"Command exited with return code 0","logger":"airflow.task.hooks.airflow.providers.standard.hooks.subprocess.SubprocessHook","filename":"subprocess.py","lineno":103}
{"timestamp":"2026-02-11T20:39:35.204660Z","level":"info","event":"Pushing xcom","ti":"RuntimeTaskInstance(id=UUID('019c4e69-8059-7064-b849-c28d991f1aa1'), task_id='run_all_models', dag_id='dbt_dag', run_id='scheduled__2026-02-11T00:00:00+00:00', try_number=2, dag_version_id=UUID('019c4e47-5e36-7df3-ae78-af530bb34aa8'), map_index=-1, hostname='5c691c1b3829', context_carrier={}, task=<Task(BashOperator): run_all_models>, bundle_instance=LocalDagBundle(name=dags-folder), max_tries=1, start_date=datetime.datetime(2026, 2, 11, 20, 39, 23, 406992, tzinfo=datetime.timezone.utc), end_date=None, state=<TaskInstanceState.RUNNING: 'running'>, is_mapped=False, rendered_map_index=None)","logger":"task","filename":"task_runner.py","lineno":1522}
{"timestamp":"2026-02-11T20:39:35.273668Z","level":"info","event":"Task instance in success state","logger":"task.stdout"}
{"timestamp":"2026-02-11T20:39:35.274315Z","level":"info","event":" Previous state of the Task instance: TaskInstanceState.RUNNING","logger":"task.stdout"}
{"timestamp":"2026-02-11T20:39:35.274945Z","level":"info","event":"Task operator:<Task(BashOperator): run_all_models>","logger":"task.stdout"}
