{"timestamp":"2026-02-11T20:34:11.903191Z","level":"info","event":"DAG bundles loaded: dags-folder, example_dags","logger":"airflow.dag_processing.bundles.manager.DagBundlesManager","filename":"manager.py","lineno":179}
{"timestamp":"2026-02-11T20:34:11.906975Z","level":"info","event":"Filling up the DagBag from /opt/airflow/dags/dbt_dag.py","logger":"airflow.models.dagbag.BundleDagBag","filename":"dagbag.py","lineno":593}
{"timestamp":"2026-02-11T20:34:11.942128Z","level":"warning","event":"The `airflow.operators.bash.BashOperator` attribute is deprecated. Please use `'airflow.providers.standard.operators.bash.BashOperator'`.","category":"DeprecatedImportWarning","filename":"/opt/airflow/dags/dbt_dag.py","lineno":2,"logger":"py.warnings"}
{"timestamp":"2026-02-11T20:34:11.986734Z","level":"info","event":"Task instance is in running state","logger":"task.stdout"}
{"timestamp":"2026-02-11T20:34:11.987491Z","level":"info","event":" Previous state of the Task instance: TaskInstanceState.QUEUED","logger":"task.stdout"}
{"timestamp":"2026-02-11T20:34:11.987854Z","level":"info","event":"Current task name:run_all_models","logger":"task.stdout"}
{"timestamp":"2026-02-11T20:34:11.988305Z","level":"info","event":"Dag name:dbt_dag","logger":"task.stdout"}
{"timestamp":"2026-02-11T20:34:11.988626Z","level":"info","event":"Tmp dir root location: /tmp","logger":"airflow.task.hooks.airflow.providers.standard.hooks.subprocess.SubprocessHook","filename":"subprocess.py","lineno":78}
{"timestamp":"2026-02-11T20:34:11.991643Z","level":"info","event":"Running command: ['/usr/bin/bash', '-c', 'dbt run --profiles-dir /opt/airflow/.dbt --project-dir /opt/airflow/dbt_project/dbt_potgres']","logger":"airflow.task.hooks.airflow.providers.standard.hooks.subprocess.SubprocessHook","filename":"subprocess.py","lineno":80}
{"timestamp":"2026-02-11T20:34:11.993497Z","level":"info","event":"Output:","logger":"airflow.task.hooks.airflow.providers.standard.hooks.subprocess.SubprocessHook","filename":"subprocess.py","lineno":92}
{"timestamp":"2026-02-11T20:34:16.703716Z","level":"info","event":"\u001b[0m20:34:16  Running with dbt=1.11.4","logger":"airflow.task.hooks.airflow.providers.standard.hooks.subprocess.SubprocessHook","filename":"subprocess.py","lineno":99}
{"timestamp":"2026-02-11T20:34:17.349777Z","level":"info","event":"\u001b[0m20:34:17  Registered adapter: postgres=1.10.0","logger":"airflow.task.hooks.airflow.providers.standard.hooks.subprocess.SubprocessHook","filename":"subprocess.py","lineno":99}
{"timestamp":"2026-02-11T20:34:18.901314Z","level":"info","event":"\u001b[0m20:34:18  Found 8 models, 26 data tests, 4 seeds, 4 sources, 464 macros","logger":"airflow.task.hooks.airflow.providers.standard.hooks.subprocess.SubprocessHook","filename":"subprocess.py","lineno":99}
{"timestamp":"2026-02-11T20:34:18.909864Z","level":"info","event":"\u001b[0m20:34:18","logger":"airflow.task.hooks.airflow.providers.standard.hooks.subprocess.SubprocessHook","filename":"subprocess.py","lineno":99}
{"timestamp":"2026-02-11T20:34:18.914354Z","level":"info","event":"\u001b[0m20:34:18  Concurrency: 1 threads (target='dev')","logger":"airflow.task.hooks.airflow.providers.standard.hooks.subprocess.SubprocessHook","filename":"subprocess.py","lineno":99}
{"timestamp":"2026-02-11T20:34:18.917065Z","level":"info","event":"\u001b[0m20:34:18","logger":"airflow.task.hooks.airflow.providers.standard.hooks.subprocess.SubprocessHook","filename":"subprocess.py","lineno":99}
{"timestamp":"2026-02-11T20:34:19.249335Z","level":"info","event":"\u001b[0m20:34:19  1 of 8 START sql view model public.stg_customers ............................... [RUN]","logger":"airflow.task.hooks.airflow.providers.standard.hooks.subprocess.SubprocessHook","filename":"subprocess.py","lineno":99}
{"timestamp":"2026-02-11T20:34:19.587412Z","level":"info","event":"\u001b[0m20:34:19  1 of 8 ERROR creating sql view model public.stg_customers ...................... [\u001b[31mERROR\u001b[0m in 0.32s]","logger":"airflow.task.hooks.airflow.providers.standard.hooks.subprocess.SubprocessHook","filename":"subprocess.py","lineno":99}
{"timestamp":"2026-02-11T20:34:19.595789Z","level":"info","event":"\u001b[0m20:34:19  2 of 8 START sql view model public.stg_order_items ............................. [RUN]","logger":"airflow.task.hooks.airflow.providers.standard.hooks.subprocess.SubprocessHook","filename":"subprocess.py","lineno":99}
{"timestamp":"2026-02-11T20:34:19.819608Z","level":"info","event":"\u001b[0m20:34:19  2 of 8 ERROR creating sql view model public.stg_order_items .................... [\u001b[31mERROR\u001b[0m in 0.21s]","logger":"airflow.task.hooks.airflow.providers.standard.hooks.subprocess.SubprocessHook","filename":"subprocess.py","lineno":99}
{"timestamp":"2026-02-11T20:34:19.832291Z","level":"info","event":"\u001b[0m20:34:19  3 of 8 START sql view model public.stg_orders .................................. [RUN]","logger":"airflow.task.hooks.airflow.providers.standard.hooks.subprocess.SubprocessHook","filename":"subprocess.py","lineno":99}
{"timestamp":"2026-02-11T20:34:20.093827Z","level":"info","event":"\u001b[0m20:34:20  3 of 8 ERROR creating sql view model public.stg_orders ......................... [\u001b[31mERROR\u001b[0m in 0.25s]","logger":"airflow.task.hooks.airflow.providers.standard.hooks.subprocess.SubprocessHook","filename":"subprocess.py","lineno":99}
{"timestamp":"2026-02-11T20:34:20.114866Z","level":"info","event":"\u001b[0m20:34:20  4 of 8 START sql view model public.stg_products ................................ [RUN]","logger":"airflow.task.hooks.airflow.providers.standard.hooks.subprocess.SubprocessHook","filename":"subprocess.py","lineno":99}
{"timestamp":"2026-02-11T20:34:20.401608Z","level":"info","event":"\u001b[0m20:34:20  4 of 8 ERROR creating sql view model public.stg_products ....................... [\u001b[31mERROR\u001b[0m in 0.28s]","logger":"airflow.task.hooks.airflow.providers.standard.hooks.subprocess.SubprocessHook","filename":"subprocess.py","lineno":99}
{"timestamp":"2026-02-11T20:34:20.409693Z","level":"info","event":"\u001b[0m20:34:20  5 of 8 SKIP relation public.dim_customers ...................................... [\u001b[33mSKIP\u001b[0m]","logger":"airflow.task.hooks.airflow.providers.standard.hooks.subprocess.SubprocessHook","filename":"subprocess.py","lineno":99}
{"timestamp":"2026-02-11T20:34:20.417576Z","level":"info","event":"\u001b[0m20:34:20  6 of 8 SKIP relation public.dim_date ........................................... [\u001b[33mSKIP\u001b[0m]","logger":"airflow.task.hooks.airflow.providers.standard.hooks.subprocess.SubprocessHook","filename":"subprocess.py","lineno":99}
{"timestamp":"2026-02-11T20:34:20.426949Z","level":"info","event":"\u001b[0m20:34:20  7 of 8 SKIP relation public.dim_products ....................................... [\u001b[33mSKIP\u001b[0m]","logger":"airflow.task.hooks.airflow.providers.standard.hooks.subprocess.SubprocessHook","filename":"subprocess.py","lineno":99}
{"timestamp":"2026-02-11T20:34:20.439945Z","level":"info","event":"\u001b[0m20:34:20  8 of 8 SKIP relation public.fct_order_items .................................... [\u001b[33mSKIP\u001b[0m]","logger":"airflow.task.hooks.airflow.providers.standard.hooks.subprocess.SubprocessHook","filename":"subprocess.py","lineno":99}
{"timestamp":"2026-02-11T20:34:20.484913Z","level":"info","event":"\u001b[0m20:34:20","logger":"airflow.task.hooks.airflow.providers.standard.hooks.subprocess.SubprocessHook","filename":"subprocess.py","lineno":99}
{"timestamp":"2026-02-11T20:34:20.486581Z","level":"info","event":"\u001b[0m20:34:20  Finished running 4 table models, 4 view models in 0 hours 0 minutes and 1.57 seconds (1.57s).","logger":"airflow.task.hooks.airflow.providers.standard.hooks.subprocess.SubprocessHook","filename":"subprocess.py","lineno":99}
{"timestamp":"2026-02-11T20:34:20.858710Z","level":"info","event":"\u001b[0m20:34:20","logger":"airflow.task.hooks.airflow.providers.standard.hooks.subprocess.SubprocessHook","filename":"subprocess.py","lineno":99}
{"timestamp":"2026-02-11T20:34:20.860863Z","level":"info","event":"\u001b[0m20:34:20  \u001b[31mCompleted with 4 errors, 0 partial successes, and 0 warnings:\u001b[0m","logger":"airflow.task.hooks.airflow.providers.standard.hooks.subprocess.SubprocessHook","filename":"subprocess.py","lineno":99}
{"timestamp":"2026-02-11T20:34:20.862796Z","level":"info","event":"\u001b[0m20:34:20","logger":"airflow.task.hooks.airflow.providers.standard.hooks.subprocess.SubprocessHook","filename":"subprocess.py","lineno":99}
{"timestamp":"2026-02-11T20:34:20.864883Z","level":"info","event":"\u001b[0m20:34:20  \u001b[31mFailure in model stg_customers (models/staging/stg_customers.sql)\u001b[0m","logger":"airflow.task.hooks.airflow.providers.standard.hooks.subprocess.SubprocessHook","filename":"subprocess.py","lineno":99}
{"timestamp":"2026-02-11T20:34:20.866675Z","level":"info","event":"\u001b[0m20:34:20    Database Error in model stg_customers (models/staging/stg_customers.sql)","logger":"airflow.task.hooks.airflow.providers.standard.hooks.subprocess.SubprocessHook","filename":"subprocess.py","lineno":99}
{"timestamp":"2026-02-11T20:34:20.866916Z","level":"info","event":"  cross-database references are not implemented: \"postgres.public.customers\"","logger":"airflow.task.hooks.airflow.providers.standard.hooks.subprocess.SubprocessHook","filename":"subprocess.py","lineno":99}
{"timestamp":"2026-02-11T20:34:20.867689Z","level":"info","event":"  LINE 8: from \"postgres\".\"public\".\"customers\"","logger":"airflow.task.hooks.airflow.providers.standard.hooks.subprocess.SubprocessHook","filename":"subprocess.py","lineno":99}
{"timestamp":"2026-02-11T20:34:20.867818Z","level":"info","event":"               ^","logger":"airflow.task.hooks.airflow.providers.standard.hooks.subprocess.SubprocessHook","filename":"subprocess.py","lineno":99}
{"timestamp":"2026-02-11T20:34:20.867911Z","level":"info","event":"  compiled code at target/run/dbt_potgres/models/staging/stg_customers.sql","logger":"airflow.task.hooks.airflow.providers.standard.hooks.subprocess.SubprocessHook","filename":"subprocess.py","lineno":99}
{"timestamp":"2026-02-11T20:34:20.868481Z","level":"info","event":"\u001b[0m20:34:20","logger":"airflow.task.hooks.airflow.providers.standard.hooks.subprocess.SubprocessHook","filename":"subprocess.py","lineno":99}
{"timestamp":"2026-02-11T20:34:20.869914Z","level":"info","event":"\u001b[0m20:34:20    compiled code at target/compiled/dbt_potgres/models/staging/stg_customers.sql","logger":"airflow.task.hooks.airflow.providers.standard.hooks.subprocess.SubprocessHook","filename":"subprocess.py","lineno":99}
{"timestamp":"2026-02-11T20:34:20.871423Z","level":"info","event":"\u001b[0m20:34:20","logger":"airflow.task.hooks.airflow.providers.standard.hooks.subprocess.SubprocessHook","filename":"subprocess.py","lineno":99}
{"timestamp":"2026-02-11T20:34:20.873680Z","level":"info","event":"\u001b[0m20:34:20  \u001b[31mFailure in model stg_order_items (models/staging/stg_order_items.sql)\u001b[0m","logger":"airflow.task.hooks.airflow.providers.standard.hooks.subprocess.SubprocessHook","filename":"subprocess.py","lineno":99}
{"timestamp":"2026-02-11T20:34:20.875243Z","level":"info","event":"\u001b[0m20:34:20    Database Error in model stg_order_items (models/staging/stg_order_items.sql)","logger":"airflow.task.hooks.airflow.providers.standard.hooks.subprocess.SubprocessHook","filename":"subprocess.py","lineno":99}
{"timestamp":"2026-02-11T20:34:20.875546Z","level":"info","event":"  cross-database references are not implemented: \"postgres.public.order_items\"","logger":"airflow.task.hooks.airflow.providers.standard.hooks.subprocess.SubprocessHook","filename":"subprocess.py","lineno":99}
{"timestamp":"2026-02-11T20:34:20.875678Z","level":"info","event":"  LINE 8: from \"postgres\".\"public\".\"order_items\"","logger":"airflow.task.hooks.airflow.providers.standard.hooks.subprocess.SubprocessHook","filename":"subprocess.py","lineno":99}
{"timestamp":"2026-02-11T20:34:20.875806Z","level":"info","event":"               ^","logger":"airflow.task.hooks.airflow.providers.standard.hooks.subprocess.SubprocessHook","filename":"subprocess.py","lineno":99}
{"timestamp":"2026-02-11T20:34:20.875920Z","level":"info","event":"  compiled code at target/run/dbt_potgres/models/staging/stg_order_items.sql","logger":"airflow.task.hooks.airflow.providers.standard.hooks.subprocess.SubprocessHook","filename":"subprocess.py","lineno":99}
{"timestamp":"2026-02-11T20:34:20.876741Z","level":"info","event":"\u001b[0m20:34:20","logger":"airflow.task.hooks.airflow.providers.standard.hooks.subprocess.SubprocessHook","filename":"subprocess.py","lineno":99}
{"timestamp":"2026-02-11T20:34:20.879654Z","level":"info","event":"\u001b[0m20:34:20    compiled code at target/compiled/dbt_potgres/models/staging/stg_order_items.sql","logger":"airflow.task.hooks.airflow.providers.standard.hooks.subprocess.SubprocessHook","filename":"subprocess.py","lineno":99}
{"timestamp":"2026-02-11T20:34:20.881956Z","level":"info","event":"\u001b[0m20:34:20","logger":"airflow.task.hooks.airflow.providers.standard.hooks.subprocess.SubprocessHook","filename":"subprocess.py","lineno":99}
{"timestamp":"2026-02-11T20:34:20.889035Z","level":"info","event":"\u001b[0m20:34:20  \u001b[31mFailure in model stg_orders (models/staging/stg_orders.sql)\u001b[0m","logger":"airflow.task.hooks.airflow.providers.standard.hooks.subprocess.SubprocessHook","filename":"subprocess.py","lineno":99}
{"timestamp":"2026-02-11T20:34:20.891221Z","level":"info","event":"\u001b[0m20:34:20    Database Error in model stg_orders (models/staging/stg_orders.sql)","logger":"airflow.task.hooks.airflow.providers.standard.hooks.subprocess.SubprocessHook","filename":"subprocess.py","lineno":99}
{"timestamp":"2026-02-11T20:34:20.891968Z","level":"info","event":"  cross-database references are not implemented: \"postgres.public.orders\"","logger":"airflow.task.hooks.airflow.providers.standard.hooks.subprocess.SubprocessHook","filename":"subprocess.py","lineno":99}
{"timestamp":"2026-02-11T20:34:20.892133Z","level":"info","event":"  LINE 8: from \"postgres\".\"public\".\"orders\"","logger":"airflow.task.hooks.airflow.providers.standard.hooks.subprocess.SubprocessHook","filename":"subprocess.py","lineno":99}
{"timestamp":"2026-02-11T20:34:20.892226Z","level":"info","event":"               ^","logger":"airflow.task.hooks.airflow.providers.standard.hooks.subprocess.SubprocessHook","filename":"subprocess.py","lineno":99}
{"timestamp":"2026-02-11T20:34:20.892313Z","level":"info","event":"  compiled code at target/run/dbt_potgres/models/staging/stg_orders.sql","logger":"airflow.task.hooks.airflow.providers.standard.hooks.subprocess.SubprocessHook","filename":"subprocess.py","lineno":99}
{"timestamp":"2026-02-11T20:34:20.893584Z","level":"info","event":"\u001b[0m20:34:20","logger":"airflow.task.hooks.airflow.providers.standard.hooks.subprocess.SubprocessHook","filename":"subprocess.py","lineno":99}
{"timestamp":"2026-02-11T20:34:20.896578Z","level":"info","event":"\u001b[0m20:34:20    compiled code at target/compiled/dbt_potgres/models/staging/stg_orders.sql","logger":"airflow.task.hooks.airflow.providers.standard.hooks.subprocess.SubprocessHook","filename":"subprocess.py","lineno":99}
{"timestamp":"2026-02-11T20:34:20.899652Z","level":"info","event":"\u001b[0m20:34:20","logger":"airflow.task.hooks.airflow.providers.standard.hooks.subprocess.SubprocessHook","filename":"subprocess.py","lineno":99}
{"timestamp":"2026-02-11T20:34:20.901088Z","level":"info","event":"\u001b[0m20:34:20  \u001b[31mFailure in model stg_products (models/staging/stg_products.sql)\u001b[0m","logger":"airflow.task.hooks.airflow.providers.standard.hooks.subprocess.SubprocessHook","filename":"subprocess.py","lineno":99}
{"timestamp":"2026-02-11T20:34:20.903268Z","level":"info","event":"\u001b[0m20:34:20    Database Error in model stg_products (models/staging/stg_products.sql)","logger":"airflow.task.hooks.airflow.providers.standard.hooks.subprocess.SubprocessHook","filename":"subprocess.py","lineno":99}
{"timestamp":"2026-02-11T20:34:20.903479Z","level":"info","event":"  cross-database references are not implemented: \"postgres.public.products\"","logger":"airflow.task.hooks.airflow.providers.standard.hooks.subprocess.SubprocessHook","filename":"subprocess.py","lineno":99}
{"timestamp":"2026-02-11T20:34:20.903586Z","level":"info","event":"  LINE 8: from \"postgres\".\"public\".\"products\"","logger":"airflow.task.hooks.airflow.providers.standard.hooks.subprocess.SubprocessHook","filename":"subprocess.py","lineno":99}
{"timestamp":"2026-02-11T20:34:20.903774Z","level":"info","event":"               ^","logger":"airflow.task.hooks.airflow.providers.standard.hooks.subprocess.SubprocessHook","filename":"subprocess.py","lineno":99}
{"timestamp":"2026-02-11T20:34:20.903884Z","level":"info","event":"  compiled code at target/run/dbt_potgres/models/staging/stg_products.sql","logger":"airflow.task.hooks.airflow.providers.standard.hooks.subprocess.SubprocessHook","filename":"subprocess.py","lineno":99}
{"timestamp":"2026-02-11T20:34:20.905691Z","level":"info","event":"\u001b[0m20:34:20","logger":"airflow.task.hooks.airflow.providers.standard.hooks.subprocess.SubprocessHook","filename":"subprocess.py","lineno":99}
{"timestamp":"2026-02-11T20:34:20.907848Z","level":"info","event":"\u001b[0m20:34:20    compiled code at target/compiled/dbt_potgres/models/staging/stg_products.sql","logger":"airflow.task.hooks.airflow.providers.standard.hooks.subprocess.SubprocessHook","filename":"subprocess.py","lineno":99}
{"timestamp":"2026-02-11T20:34:20.909423Z","level":"info","event":"\u001b[0m20:34:20","logger":"airflow.task.hooks.airflow.providers.standard.hooks.subprocess.SubprocessHook","filename":"subprocess.py","lineno":99}
{"timestamp":"2026-02-11T20:34:20.911299Z","level":"info","event":"\u001b[0m20:34:20  Done. PASS=0 WARN=0 ERROR=4 SKIP=4 NO-OP=0 TOTAL=8","logger":"airflow.task.hooks.airflow.providers.standard.hooks.subprocess.SubprocessHook","filename":"subprocess.py","lineno":99}
{"timestamp":"2026-02-11T20:34:22.889495Z","level":"info","event":"Command exited with return code 1","logger":"airflow.task.hooks.airflow.providers.standard.hooks.subprocess.SubprocessHook","filename":"subprocess.py","lineno":103}
{"timestamp":"2026-02-11T20:34:22.890280Z","level":"error","event":"Task failed with exception","logger":"task","filename":"task_runner.py","lineno":1120,"error_detail":[{"exc_type":"AirflowException","exc_value":"Bash command failed. The command returned a non-zero exit code 1.","exc_notes":[],"syntax_error":null,"is_cause":false,"frames":[{"filename":"/home/airflow/.local/lib/python3.12/site-packages/airflow/sdk/execution_time/task_runner.py","lineno":1068,"name":"run"},{"filename":"/home/airflow/.local/lib/python3.12/site-packages/airflow/sdk/execution_time/task_runner.py","lineno":1477,"name":"_execute_task"},{"filename":"/home/airflow/.local/lib/python3.12/site-packages/airflow/sdk/bases/operator.py","lineno":417,"name":"wrapper"},{"filename":"/home/airflow/.local/lib/python3.12/site-packages/airflow/providers/standard/operators/bash.py","lineno":227,"name":"execute"}],"is_group":false,"exceptions":[]}]}
{"timestamp":"2026-02-11T20:34:22.959661Z","level":"info","event":"Task instance in failure state","logger":"task.stdout"}
{"timestamp":"2026-02-11T20:34:22.960514Z","level":"info","event":"Task start","logger":"task.stdout"}
{"timestamp":"2026-02-11T20:34:22.960987Z","level":"info","event":"Task:<Task(BashOperator): run_all_models>","logger":"task.stdout"}
{"timestamp":"2026-02-11T20:34:22.961382Z","level":"info","event":"Failure caused by Bash command failed. The command returned a non-zero exit code 1.","logger":"task.stdout"}
