{"timestamp":"2026-02-11T20:34:29.758728Z","level":"info","event":"DAG bundles loaded: dags-folder, example_dags","logger":"airflow.dag_processing.bundles.manager.DagBundlesManager","filename":"manager.py","lineno":179}
{"timestamp":"2026-02-11T20:34:29.761320Z","level":"info","event":"Filling up the DagBag from /opt/airflow/dags/dbt_dag.py","logger":"airflow.models.dagbag.BundleDagBag","filename":"dagbag.py","lineno":593}
{"timestamp":"2026-02-11T20:34:29.796277Z","level":"warning","event":"The `airflow.operators.bash.BashOperator` attribute is deprecated. Please use `'airflow.providers.standard.operators.bash.BashOperator'`.","category":"DeprecatedImportWarning","filename":"/opt/airflow/dags/dbt_dag.py","lineno":2,"logger":"py.warnings"}
{"timestamp":"2026-02-11T20:34:29.842335Z","level":"info","event":"Task instance is in running state","logger":"task.stdout"}
{"timestamp":"2026-02-11T20:34:29.843020Z","level":"info","event":" Previous state of the Task instance: TaskInstanceState.QUEUED","logger":"task.stdout"}
{"timestamp":"2026-02-11T20:34:29.843521Z","level":"info","event":"Current task name:run_all_models","logger":"task.stdout"}
{"timestamp":"2026-02-11T20:34:29.843884Z","level":"info","event":"Dag name:dbt_dag","logger":"task.stdout"}
{"timestamp":"2026-02-11T20:34:29.843874Z","level":"info","event":"Tmp dir root location: /tmp","logger":"airflow.task.hooks.airflow.providers.standard.hooks.subprocess.SubprocessHook","filename":"subprocess.py","lineno":78}
{"timestamp":"2026-02-11T20:34:29.846274Z","level":"info","event":"Running command: ['/usr/bin/bash', '-c', 'dbt run --profiles-dir /opt/airflow/.dbt --project-dir /opt/airflow/dbt_project/dbt_potgres']","logger":"airflow.task.hooks.airflow.providers.standard.hooks.subprocess.SubprocessHook","filename":"subprocess.py","lineno":80}
{"timestamp":"2026-02-11T20:34:29.847715Z","level":"info","event":"Output:","logger":"airflow.task.hooks.airflow.providers.standard.hooks.subprocess.SubprocessHook","filename":"subprocess.py","lineno":92}
{"timestamp":"2026-02-11T20:34:33.547439Z","level":"info","event":"\u001b[0m20:34:33  Running with dbt=1.11.4","logger":"airflow.task.hooks.airflow.providers.standard.hooks.subprocess.SubprocessHook","filename":"subprocess.py","lineno":99}
{"timestamp":"2026-02-11T20:34:34.146993Z","level":"info","event":"\u001b[0m20:34:34  Registered adapter: postgres=1.10.0","logger":"airflow.task.hooks.airflow.providers.standard.hooks.subprocess.SubprocessHook","filename":"subprocess.py","lineno":99}
{"timestamp":"2026-02-11T20:34:35.427310Z","level":"info","event":"\u001b[0m20:34:35  Found 8 models, 26 data tests, 4 seeds, 4 sources, 464 macros","logger":"airflow.task.hooks.airflow.providers.standard.hooks.subprocess.SubprocessHook","filename":"subprocess.py","lineno":99}
{"timestamp":"2026-02-11T20:34:35.436110Z","level":"info","event":"\u001b[0m20:34:35","logger":"airflow.task.hooks.airflow.providers.standard.hooks.subprocess.SubprocessHook","filename":"subprocess.py","lineno":99}
{"timestamp":"2026-02-11T20:34:35.438012Z","level":"info","event":"\u001b[0m20:34:35  Concurrency: 1 threads (target='dev')","logger":"airflow.task.hooks.airflow.providers.standard.hooks.subprocess.SubprocessHook","filename":"subprocess.py","lineno":99}
{"timestamp":"2026-02-11T20:34:35.441177Z","level":"info","event":"\u001b[0m20:34:35","logger":"airflow.task.hooks.airflow.providers.standard.hooks.subprocess.SubprocessHook","filename":"subprocess.py","lineno":99}
{"timestamp":"2026-02-11T20:34:35.657301Z","level":"info","event":"\u001b[0m20:34:35  1 of 8 START sql view model public.stg_customers ............................... [RUN]","logger":"airflow.task.hooks.airflow.providers.standard.hooks.subprocess.SubprocessHook","filename":"subprocess.py","lineno":99}
{"timestamp":"2026-02-11T20:34:35.800444Z","level":"info","event":"\u001b[0m20:34:35  1 of 8 ERROR creating sql view model public.stg_customers ...................... [\u001b[31mERROR\u001b[0m in 0.14s]","logger":"airflow.task.hooks.airflow.providers.standard.hooks.subprocess.SubprocessHook","filename":"subprocess.py","lineno":99}
{"timestamp":"2026-02-11T20:34:35.805278Z","level":"info","event":"\u001b[0m20:34:35  2 of 8 START sql view model public.stg_order_items ............................. [RUN]","logger":"airflow.task.hooks.airflow.providers.standard.hooks.subprocess.SubprocessHook","filename":"subprocess.py","lineno":99}
{"timestamp":"2026-02-11T20:34:35.886571Z","level":"info","event":"\u001b[0m20:34:35  2 of 8 ERROR creating sql view model public.stg_order_items .................... [\u001b[31mERROR\u001b[0m in 0.08s]","logger":"airflow.task.hooks.airflow.providers.standard.hooks.subprocess.SubprocessHook","filename":"subprocess.py","lineno":99}
{"timestamp":"2026-02-11T20:34:35.892038Z","level":"info","event":"\u001b[0m20:34:35  3 of 8 START sql view model public.stg_orders .................................. [RUN]","logger":"airflow.task.hooks.airflow.providers.standard.hooks.subprocess.SubprocessHook","filename":"subprocess.py","lineno":99}
{"timestamp":"2026-02-11T20:34:35.977991Z","level":"info","event":"\u001b[0m20:34:35  3 of 8 ERROR creating sql view model public.stg_orders ......................... [\u001b[31mERROR\u001b[0m in 0.08s]","logger":"airflow.task.hooks.airflow.providers.standard.hooks.subprocess.SubprocessHook","filename":"subprocess.py","lineno":99}
{"timestamp":"2026-02-11T20:34:35.984219Z","level":"info","event":"\u001b[0m20:34:35  4 of 8 START sql view model public.stg_products ................................ [RUN]","logger":"airflow.task.hooks.airflow.providers.standard.hooks.subprocess.SubprocessHook","filename":"subprocess.py","lineno":99}
{"timestamp":"2026-02-11T20:34:36.073008Z","level":"info","event":"\u001b[0m20:34:36  4 of 8 ERROR creating sql view model public.stg_products ....................... [\u001b[31mERROR\u001b[0m in 0.09s]","logger":"airflow.task.hooks.airflow.providers.standard.hooks.subprocess.SubprocessHook","filename":"subprocess.py","lineno":99}
{"timestamp":"2026-02-11T20:34:36.077566Z","level":"info","event":"\u001b[0m20:34:36  5 of 8 SKIP relation public.dim_customers ...................................... [\u001b[33mSKIP\u001b[0m]","logger":"airflow.task.hooks.airflow.providers.standard.hooks.subprocess.SubprocessHook","filename":"subprocess.py","lineno":99}
{"timestamp":"2026-02-11T20:34:36.084516Z","level":"info","event":"\u001b[0m20:34:36  6 of 8 SKIP relation public.dim_date ........................................... [\u001b[33mSKIP\u001b[0m]","logger":"airflow.task.hooks.airflow.providers.standard.hooks.subprocess.SubprocessHook","filename":"subprocess.py","lineno":99}
{"timestamp":"2026-02-11T20:34:36.089305Z","level":"info","event":"\u001b[0m20:34:36  7 of 8 SKIP relation public.dim_products ....................................... [\u001b[33mSKIP\u001b[0m]","logger":"airflow.task.hooks.airflow.providers.standard.hooks.subprocess.SubprocessHook","filename":"subprocess.py","lineno":99}
{"timestamp":"2026-02-11T20:34:36.094432Z","level":"info","event":"\u001b[0m20:34:36  8 of 8 SKIP relation public.fct_order_items .................................... [\u001b[33mSKIP\u001b[0m]","logger":"airflow.task.hooks.airflow.providers.standard.hooks.subprocess.SubprocessHook","filename":"subprocess.py","lineno":99}
{"timestamp":"2026-02-11T20:34:36.126528Z","level":"info","event":"\u001b[0m20:34:36","logger":"airflow.task.hooks.airflow.providers.standard.hooks.subprocess.SubprocessHook","filename":"subprocess.py","lineno":99}
{"timestamp":"2026-02-11T20:34:36.127697Z","level":"info","event":"\u001b[0m20:34:36  Finished running 4 table models, 4 view models in 0 hours 0 minutes and 0.68 seconds (0.68s).","logger":"airflow.task.hooks.airflow.providers.standard.hooks.subprocess.SubprocessHook","filename":"subprocess.py","lineno":99}
{"timestamp":"2026-02-11T20:34:36.332885Z","level":"info","event":"\u001b[0m20:34:36","logger":"airflow.task.hooks.airflow.providers.standard.hooks.subprocess.SubprocessHook","filename":"subprocess.py","lineno":99}
{"timestamp":"2026-02-11T20:34:36.334443Z","level":"info","event":"\u001b[0m20:34:36  \u001b[31mCompleted with 4 errors, 0 partial successes, and 0 warnings:\u001b[0m","logger":"airflow.task.hooks.airflow.providers.standard.hooks.subprocess.SubprocessHook","filename":"subprocess.py","lineno":99}
{"timestamp":"2026-02-11T20:34:36.336135Z","level":"info","event":"\u001b[0m20:34:36","logger":"airflow.task.hooks.airflow.providers.standard.hooks.subprocess.SubprocessHook","filename":"subprocess.py","lineno":99}
{"timestamp":"2026-02-11T20:34:36.337644Z","level":"info","event":"\u001b[0m20:34:36  \u001b[31mFailure in model stg_customers (models/staging/stg_customers.sql)\u001b[0m","logger":"airflow.task.hooks.airflow.providers.standard.hooks.subprocess.SubprocessHook","filename":"subprocess.py","lineno":99}
{"timestamp":"2026-02-11T20:34:36.338886Z","level":"info","event":"\u001b[0m20:34:36    Database Error in model stg_customers (models/staging/stg_customers.sql)","logger":"airflow.task.hooks.airflow.providers.standard.hooks.subprocess.SubprocessHook","filename":"subprocess.py","lineno":99}
{"timestamp":"2026-02-11T20:34:36.339098Z","level":"info","event":"  cross-database references are not implemented: \"postgres.public.customers\"","logger":"airflow.task.hooks.airflow.providers.standard.hooks.subprocess.SubprocessHook","filename":"subprocess.py","lineno":99}
{"timestamp":"2026-02-11T20:34:36.339231Z","level":"info","event":"  LINE 8: from \"postgres\".\"public\".\"customers\"","logger":"airflow.task.hooks.airflow.providers.standard.hooks.subprocess.SubprocessHook","filename":"subprocess.py","lineno":99}
{"timestamp":"2026-02-11T20:34:36.339385Z","level":"info","event":"               ^","logger":"airflow.task.hooks.airflow.providers.standard.hooks.subprocess.SubprocessHook","filename":"subprocess.py","lineno":99}
{"timestamp":"2026-02-11T20:34:36.339459Z","level":"info","event":"  compiled code at target/run/dbt_potgres/models/staging/stg_customers.sql","logger":"airflow.task.hooks.airflow.providers.standard.hooks.subprocess.SubprocessHook","filename":"subprocess.py","lineno":99}
{"timestamp":"2026-02-11T20:34:36.340172Z","level":"info","event":"\u001b[0m20:34:36","logger":"airflow.task.hooks.airflow.providers.standard.hooks.subprocess.SubprocessHook","filename":"subprocess.py","lineno":99}
{"timestamp":"2026-02-11T20:34:36.341703Z","level":"info","event":"\u001b[0m20:34:36    compiled code at target/compiled/dbt_potgres/models/staging/stg_customers.sql","logger":"airflow.task.hooks.airflow.providers.standard.hooks.subprocess.SubprocessHook","filename":"subprocess.py","lineno":99}
{"timestamp":"2026-02-11T20:34:36.343600Z","level":"info","event":"\u001b[0m20:34:36","logger":"airflow.task.hooks.airflow.providers.standard.hooks.subprocess.SubprocessHook","filename":"subprocess.py","lineno":99}
{"timestamp":"2026-02-11T20:34:36.346366Z","level":"info","event":"\u001b[0m20:34:36  \u001b[31mFailure in model stg_order_items (models/staging/stg_order_items.sql)\u001b[0m","logger":"airflow.task.hooks.airflow.providers.standard.hooks.subprocess.SubprocessHook","filename":"subprocess.py","lineno":99}
{"timestamp":"2026-02-11T20:34:36.348690Z","level":"info","event":"\u001b[0m20:34:36    Database Error in model stg_order_items (models/staging/stg_order_items.sql)","logger":"airflow.task.hooks.airflow.providers.standard.hooks.subprocess.SubprocessHook","filename":"subprocess.py","lineno":99}
{"timestamp":"2026-02-11T20:34:36.348880Z","level":"info","event":"  cross-database references are not implemented: \"postgres.public.order_items\"","logger":"airflow.task.hooks.airflow.providers.standard.hooks.subprocess.SubprocessHook","filename":"subprocess.py","lineno":99}
{"timestamp":"2026-02-11T20:34:36.348971Z","level":"info","event":"  LINE 8: from \"postgres\".\"public\".\"order_items\"","logger":"airflow.task.hooks.airflow.providers.standard.hooks.subprocess.SubprocessHook","filename":"subprocess.py","lineno":99}
{"timestamp":"2026-02-11T20:34:36.349039Z","level":"info","event":"               ^","logger":"airflow.task.hooks.airflow.providers.standard.hooks.subprocess.SubprocessHook","filename":"subprocess.py","lineno":99}
{"timestamp":"2026-02-11T20:34:36.349222Z","level":"info","event":"  compiled code at target/run/dbt_potgres/models/staging/stg_order_items.sql","logger":"airflow.task.hooks.airflow.providers.standard.hooks.subprocess.SubprocessHook","filename":"subprocess.py","lineno":99}
{"timestamp":"2026-02-11T20:34:36.349869Z","level":"info","event":"\u001b[0m20:34:36","logger":"airflow.task.hooks.airflow.providers.standard.hooks.subprocess.SubprocessHook","filename":"subprocess.py","lineno":99}
{"timestamp":"2026-02-11T20:34:36.351341Z","level":"info","event":"\u001b[0m20:34:36    compiled code at target/compiled/dbt_potgres/models/staging/stg_order_items.sql","logger":"airflow.task.hooks.airflow.providers.standard.hooks.subprocess.SubprocessHook","filename":"subprocess.py","lineno":99}
{"timestamp":"2026-02-11T20:34:36.353220Z","level":"info","event":"\u001b[0m20:34:36","logger":"airflow.task.hooks.airflow.providers.standard.hooks.subprocess.SubprocessHook","filename":"subprocess.py","lineno":99}
{"timestamp":"2026-02-11T20:34:36.354710Z","level":"info","event":"\u001b[0m20:34:36  \u001b[31mFailure in model stg_orders (models/staging/stg_orders.sql)\u001b[0m","logger":"airflow.task.hooks.airflow.providers.standard.hooks.subprocess.SubprocessHook","filename":"subprocess.py","lineno":99}
{"timestamp":"2026-02-11T20:34:36.356133Z","level":"info","event":"\u001b[0m20:34:36    Database Error in model stg_orders (models/staging/stg_orders.sql)","logger":"airflow.task.hooks.airflow.providers.standard.hooks.subprocess.SubprocessHook","filename":"subprocess.py","lineno":99}
{"timestamp":"2026-02-11T20:34:36.356354Z","level":"info","event":"  cross-database references are not implemented: \"postgres.public.orders\"","logger":"airflow.task.hooks.airflow.providers.standard.hooks.subprocess.SubprocessHook","filename":"subprocess.py","lineno":99}
{"timestamp":"2026-02-11T20:34:36.356440Z","level":"info","event":"  LINE 8: from \"postgres\".\"public\".\"orders\"","logger":"airflow.task.hooks.airflow.providers.standard.hooks.subprocess.SubprocessHook","filename":"subprocess.py","lineno":99}
{"timestamp":"2026-02-11T20:34:36.356566Z","level":"info","event":"               ^","logger":"airflow.task.hooks.airflow.providers.standard.hooks.subprocess.SubprocessHook","filename":"subprocess.py","lineno":99}
{"timestamp":"2026-02-11T20:34:36.356670Z","level":"info","event":"  compiled code at target/run/dbt_potgres/models/staging/stg_orders.sql","logger":"airflow.task.hooks.airflow.providers.standard.hooks.subprocess.SubprocessHook","filename":"subprocess.py","lineno":99}
{"timestamp":"2026-02-11T20:34:36.357628Z","level":"info","event":"\u001b[0m20:34:36","logger":"airflow.task.hooks.airflow.providers.standard.hooks.subprocess.SubprocessHook","filename":"subprocess.py","lineno":99}
{"timestamp":"2026-02-11T20:34:36.359752Z","level":"info","event":"\u001b[0m20:34:36    compiled code at target/compiled/dbt_potgres/models/staging/stg_orders.sql","logger":"airflow.task.hooks.airflow.providers.standard.hooks.subprocess.SubprocessHook","filename":"subprocess.py","lineno":99}
{"timestamp":"2026-02-11T20:34:36.361262Z","level":"info","event":"\u001b[0m20:34:36","logger":"airflow.task.hooks.airflow.providers.standard.hooks.subprocess.SubprocessHook","filename":"subprocess.py","lineno":99}
{"timestamp":"2026-02-11T20:34:36.365034Z","level":"info","event":"\u001b[0m20:34:36  \u001b[31mFailure in model stg_products (models/staging/stg_products.sql)\u001b[0m","logger":"airflow.task.hooks.airflow.providers.standard.hooks.subprocess.SubprocessHook","filename":"subprocess.py","lineno":99}
{"timestamp":"2026-02-11T20:34:36.367180Z","level":"info","event":"\u001b[0m20:34:36    Database Error in model stg_products (models/staging/stg_products.sql)","logger":"airflow.task.hooks.airflow.providers.standard.hooks.subprocess.SubprocessHook","filename":"subprocess.py","lineno":99}
{"timestamp":"2026-02-11T20:34:36.367418Z","level":"info","event":"  cross-database references are not implemented: \"postgres.public.products\"","logger":"airflow.task.hooks.airflow.providers.standard.hooks.subprocess.SubprocessHook","filename":"subprocess.py","lineno":99}
{"timestamp":"2026-02-11T20:34:36.367563Z","level":"info","event":"  LINE 8: from \"postgres\".\"public\".\"products\"","logger":"airflow.task.hooks.airflow.providers.standard.hooks.subprocess.SubprocessHook","filename":"subprocess.py","lineno":99}
{"timestamp":"2026-02-11T20:34:36.367662Z","level":"info","event":"               ^","logger":"airflow.task.hooks.airflow.providers.standard.hooks.subprocess.SubprocessHook","filename":"subprocess.py","lineno":99}
{"timestamp":"2026-02-11T20:34:36.367758Z","level":"info","event":"  compiled code at target/run/dbt_potgres/models/staging/stg_products.sql","logger":"airflow.task.hooks.airflow.providers.standard.hooks.subprocess.SubprocessHook","filename":"subprocess.py","lineno":99}
{"timestamp":"2026-02-11T20:34:36.370544Z","level":"info","event":"\u001b[0m20:34:36","logger":"airflow.task.hooks.airflow.providers.standard.hooks.subprocess.SubprocessHook","filename":"subprocess.py","lineno":99}
{"timestamp":"2026-02-11T20:34:36.375084Z","level":"info","event":"\u001b[0m20:34:36    compiled code at target/compiled/dbt_potgres/models/staging/stg_products.sql","logger":"airflow.task.hooks.airflow.providers.standard.hooks.subprocess.SubprocessHook","filename":"subprocess.py","lineno":99}
{"timestamp":"2026-02-11T20:34:36.376600Z","level":"info","event":"\u001b[0m20:34:36","logger":"airflow.task.hooks.airflow.providers.standard.hooks.subprocess.SubprocessHook","filename":"subprocess.py","lineno":99}
{"timestamp":"2026-02-11T20:34:36.378120Z","level":"info","event":"\u001b[0m20:34:36  Done. PASS=0 WARN=0 ERROR=4 SKIP=4 NO-OP=0 TOTAL=8","logger":"airflow.task.hooks.airflow.providers.standard.hooks.subprocess.SubprocessHook","filename":"subprocess.py","lineno":99}
{"timestamp":"2026-02-11T20:34:37.880303Z","level":"info","event":"Command exited with return code 1","logger":"airflow.task.hooks.airflow.providers.standard.hooks.subprocess.SubprocessHook","filename":"subprocess.py","lineno":103}
{"timestamp":"2026-02-11T20:34:37.881530Z","level":"error","event":"Task failed with exception","logger":"task","filename":"task_runner.py","lineno":1120,"error_detail":[{"exc_type":"AirflowException","exc_value":"Bash command failed. The command returned a non-zero exit code 1.","exc_notes":[],"syntax_error":null,"is_cause":false,"frames":[{"filename":"/home/airflow/.local/lib/python3.12/site-packages/airflow/sdk/execution_time/task_runner.py","lineno":1068,"name":"run"},{"filename":"/home/airflow/.local/lib/python3.12/site-packages/airflow/sdk/execution_time/task_runner.py","lineno":1477,"name":"_execute_task"},{"filename":"/home/airflow/.local/lib/python3.12/site-packages/airflow/sdk/bases/operator.py","lineno":417,"name":"wrapper"},{"filename":"/home/airflow/.local/lib/python3.12/site-packages/airflow/providers/standard/operators/bash.py","lineno":227,"name":"execute"}],"is_group":false,"exceptions":[]}]}
{"timestamp":"2026-02-11T20:34:37.924445Z","level":"info","event":"Task instance in failure state","logger":"task.stdout"}
{"timestamp":"2026-02-11T20:34:37.925629Z","level":"info","event":"Task start","logger":"task.stdout"}
{"timestamp":"2026-02-11T20:34:37.926299Z","level":"info","event":"Task:<Task(BashOperator): run_all_models>","logger":"task.stdout"}
{"timestamp":"2026-02-11T20:34:37.926932Z","level":"info","event":"Failure caused by Bash command failed. The command returned a non-zero exit code 1.","logger":"task.stdout"}
