{"timestamp":"2026-02-11T20:39:07.580433Z","level":"info","event":"DAG bundles loaded: dags-folder, example_dags","logger":"airflow.dag_processing.bundles.manager.DagBundlesManager","filename":"manager.py","lineno":179}
{"timestamp":"2026-02-11T20:39:07.583703Z","level":"info","event":"Filling up the DagBag from /opt/airflow/dags/dbt_dag.py","logger":"airflow.models.dagbag.BundleDagBag","filename":"dagbag.py","lineno":593}
{"timestamp":"2026-02-11T20:39:07.615116Z","level":"warning","event":"The `airflow.operators.bash.BashOperator` attribute is deprecated. Please use `'airflow.providers.standard.operators.bash.BashOperator'`.","category":"DeprecatedImportWarning","filename":"/opt/airflow/dags/dbt_dag.py","lineno":2,"logger":"py.warnings"}
{"timestamp":"2026-02-11T20:39:07.657206Z","level":"info","event":"Task instance is in running state","logger":"task.stdout"}
{"timestamp":"2026-02-11T20:39:07.658030Z","level":"info","event":" Previous state of the Task instance: TaskInstanceState.QUEUED","logger":"task.stdout"}
{"timestamp":"2026-02-11T20:39:07.658662Z","level":"info","event":"Current task name:run_all_models","logger":"task.stdout"}
{"timestamp":"2026-02-11T20:39:07.659065Z","level":"info","event":"Dag name:dbt_dag","logger":"task.stdout"}
{"timestamp":"2026-02-11T20:39:07.659574Z","level":"info","event":"Tmp dir root location: /tmp","logger":"airflow.task.hooks.airflow.providers.standard.hooks.subprocess.SubprocessHook","filename":"subprocess.py","lineno":78}
{"timestamp":"2026-02-11T20:39:07.663694Z","level":"info","event":"Running command: ['/usr/bin/bash', '-c', 'dbt run --profiles-dir /opt/airflow/.dbt --project-dir /opt/airflow/dbt_project/dbt_potgres']","logger":"airflow.task.hooks.airflow.providers.standard.hooks.subprocess.SubprocessHook","filename":"subprocess.py","lineno":80}
{"timestamp":"2026-02-11T20:39:07.665746Z","level":"info","event":"Output:","logger":"airflow.task.hooks.airflow.providers.standard.hooks.subprocess.SubprocessHook","filename":"subprocess.py","lineno":92}
{"timestamp":"2026-02-11T20:39:11.466996Z","level":"info","event":"\u001b[0m20:39:11  Running with dbt=1.11.4","logger":"airflow.task.hooks.airflow.providers.standard.hooks.subprocess.SubprocessHook","filename":"subprocess.py","lineno":99}
{"timestamp":"2026-02-11T20:39:12.021811Z","level":"info","event":"\u001b[0m20:39:12  Registered adapter: postgres=1.10.0","logger":"airflow.task.hooks.airflow.providers.standard.hooks.subprocess.SubprocessHook","filename":"subprocess.py","lineno":99}
{"timestamp":"2026-02-11T20:39:13.245873Z","level":"info","event":"\u001b[0m20:39:13  Found 4 seeds, 8 models, 26 data tests, 4 sources, 464 macros","logger":"airflow.task.hooks.airflow.providers.standard.hooks.subprocess.SubprocessHook","filename":"subprocess.py","lineno":99}
{"timestamp":"2026-02-11T20:39:13.255397Z","level":"info","event":"\u001b[0m20:39:13","logger":"airflow.task.hooks.airflow.providers.standard.hooks.subprocess.SubprocessHook","filename":"subprocess.py","lineno":99}
{"timestamp":"2026-02-11T20:39:13.256601Z","level":"info","event":"\u001b[0m20:39:13  Concurrency: 1 threads (target='dev')","logger":"airflow.task.hooks.airflow.providers.standard.hooks.subprocess.SubprocessHook","filename":"subprocess.py","lineno":99}
{"timestamp":"2026-02-11T20:39:13.257836Z","level":"info","event":"\u001b[0m20:39:13","logger":"airflow.task.hooks.airflow.providers.standard.hooks.subprocess.SubprocessHook","filename":"subprocess.py","lineno":99}
{"timestamp":"2026-02-11T20:39:13.502732Z","level":"info","event":"\u001b[0m20:39:13  1 of 8 START sql view model public.stg_customers ............................... [RUN]","logger":"airflow.task.hooks.airflow.providers.standard.hooks.subprocess.SubprocessHook","filename":"subprocess.py","lineno":99}
{"timestamp":"2026-02-11T20:39:13.794021Z","level":"info","event":"\u001b[0m20:39:13  1 of 8 OK created sql view model public.stg_customers .......................... [\u001b[32mCREATE VIEW\u001b[0m in 0.29s]","logger":"airflow.task.hooks.airflow.providers.standard.hooks.subprocess.SubprocessHook","filename":"subprocess.py","lineno":99}
{"timestamp":"2026-02-11T20:39:13.799513Z","level":"info","event":"\u001b[0m20:39:13  2 of 8 START sql view model public.stg_order_items ............................. [RUN]","logger":"airflow.task.hooks.airflow.providers.standard.hooks.subprocess.SubprocessHook","filename":"subprocess.py","lineno":99}
{"timestamp":"2026-02-11T20:39:13.903094Z","level":"info","event":"\u001b[0m20:39:13  2 of 8 OK created sql view model public.stg_order_items ........................ [\u001b[32mCREATE VIEW\u001b[0m in 0.10s]","logger":"airflow.task.hooks.airflow.providers.standard.hooks.subprocess.SubprocessHook","filename":"subprocess.py","lineno":99}
{"timestamp":"2026-02-11T20:39:13.907151Z","level":"info","event":"\u001b[0m20:39:13  3 of 8 START sql view model public.stg_orders .................................. [RUN]","logger":"airflow.task.hooks.airflow.providers.standard.hooks.subprocess.SubprocessHook","filename":"subprocess.py","lineno":99}
{"timestamp":"2026-02-11T20:39:14.108834Z","level":"info","event":"\u001b[0m20:39:14  3 of 8 OK created sql view model public.stg_orders ............................. [\u001b[32mCREATE VIEW\u001b[0m in 0.20s]","logger":"airflow.task.hooks.airflow.providers.standard.hooks.subprocess.SubprocessHook","filename":"subprocess.py","lineno":99}
{"timestamp":"2026-02-11T20:39:14.115156Z","level":"info","event":"\u001b[0m20:39:14  4 of 8 START sql view model public.stg_products ................................ [RUN]","logger":"airflow.task.hooks.airflow.providers.standard.hooks.subprocess.SubprocessHook","filename":"subprocess.py","lineno":99}
{"timestamp":"2026-02-11T20:39:14.215352Z","level":"info","event":"\u001b[0m20:39:14  4 of 8 OK created sql view model public.stg_products ........................... [\u001b[32mCREATE VIEW\u001b[0m in 0.10s]","logger":"airflow.task.hooks.airflow.providers.standard.hooks.subprocess.SubprocessHook","filename":"subprocess.py","lineno":99}
{"timestamp":"2026-02-11T20:39:14.221143Z","level":"info","event":"\u001b[0m20:39:14  5 of 8 START sql table model public.dim_customers .............................. [RUN]","logger":"airflow.task.hooks.airflow.providers.standard.hooks.subprocess.SubprocessHook","filename":"subprocess.py","lineno":99}
{"timestamp":"2026-02-11T20:39:14.393283Z","level":"info","event":"\u001b[0m20:39:14  5 of 8 OK created sql table model public.dim_customers ......................... [\u001b[32mSELECT 100\u001b[0m in 0.17s]","logger":"airflow.task.hooks.airflow.providers.standard.hooks.subprocess.SubprocessHook","filename":"subprocess.py","lineno":99}
{"timestamp":"2026-02-11T20:39:14.397439Z","level":"info","event":"\u001b[0m20:39:14  6 of 8 START sql table model public.dim_date ................................... [RUN]","logger":"airflow.task.hooks.airflow.providers.standard.hooks.subprocess.SubprocessHook","filename":"subprocess.py","lineno":99}
{"timestamp":"2026-02-11T20:39:14.514559Z","level":"info","event":"\u001b[0m20:39:14  6 of 8 OK created sql table model public.dim_date .............................. [\u001b[32mSELECT 51\u001b[0m in 0.11s]","logger":"airflow.task.hooks.airflow.providers.standard.hooks.subprocess.SubprocessHook","filename":"subprocess.py","lineno":99}
{"timestamp":"2026-02-11T20:39:14.519734Z","level":"info","event":"\u001b[0m20:39:14  7 of 8 START sql table model public.dim_products ............................... [RUN]","logger":"airflow.task.hooks.airflow.providers.standard.hooks.subprocess.SubprocessHook","filename":"subprocess.py","lineno":99}
{"timestamp":"2026-02-11T20:39:14.634430Z","level":"info","event":"\u001b[0m20:39:14  7 of 8 OK created sql table model public.dim_products .......................... [\u001b[32mSELECT 10\u001b[0m in 0.11s]","logger":"airflow.task.hooks.airflow.providers.standard.hooks.subprocess.SubprocessHook","filename":"subprocess.py","lineno":99}
{"timestamp":"2026-02-11T20:39:14.639082Z","level":"info","event":"\u001b[0m20:39:14  8 of 8 START sql table model public.fct_order_items ............................ [RUN]","logger":"airflow.task.hooks.airflow.providers.standard.hooks.subprocess.SubprocessHook","filename":"subprocess.py","lineno":99}
{"timestamp":"2026-02-11T20:39:14.771686Z","level":"info","event":"\u001b[0m20:39:14  8 of 8 OK created sql table model public.fct_order_items ....................... [\u001b[32mSELECT 600\u001b[0m in 0.13s]","logger":"airflow.task.hooks.airflow.providers.standard.hooks.subprocess.SubprocessHook","filename":"subprocess.py","lineno":99}
{"timestamp":"2026-02-11T20:39:14.799705Z","level":"info","event":"\u001b[0m20:39:14","logger":"airflow.task.hooks.airflow.providers.standard.hooks.subprocess.SubprocessHook","filename":"subprocess.py","lineno":99}
{"timestamp":"2026-02-11T20:39:14.800857Z","level":"info","event":"\u001b[0m20:39:14  Finished running 4 table models, 4 view models in 0 hours 0 minutes and 1.54 seconds (1.54s).","logger":"airflow.task.hooks.airflow.providers.standard.hooks.subprocess.SubprocessHook","filename":"subprocess.py","lineno":99}
{"timestamp":"2026-02-11T20:39:14.933524Z","level":"info","event":"\u001b[0m20:39:14","logger":"airflow.task.hooks.airflow.providers.standard.hooks.subprocess.SubprocessHook","filename":"subprocess.py","lineno":99}
{"timestamp":"2026-02-11T20:39:14.935371Z","level":"info","event":"\u001b[0m20:39:14  \u001b[32mCompleted successfully\u001b[0m","logger":"airflow.task.hooks.airflow.providers.standard.hooks.subprocess.SubprocessHook","filename":"subprocess.py","lineno":99}
{"timestamp":"2026-02-11T20:39:14.937294Z","level":"info","event":"\u001b[0m20:39:14","logger":"airflow.task.hooks.airflow.providers.standard.hooks.subprocess.SubprocessHook","filename":"subprocess.py","lineno":99}
{"timestamp":"2026-02-11T20:39:14.939021Z","level":"info","event":"\u001b[0m20:39:14  Done. PASS=8 WARN=0 ERROR=0 SKIP=0 NO-OP=0 TOTAL=8","logger":"airflow.task.hooks.airflow.providers.standard.hooks.subprocess.SubprocessHook","filename":"subprocess.py","lineno":99}
{"timestamp":"2026-02-11T20:39:16.816463Z","level":"info","event":"Command exited with return code 0","logger":"airflow.task.hooks.airflow.providers.standard.hooks.subprocess.SubprocessHook","filename":"subprocess.py","lineno":103}
{"timestamp":"2026-02-11T20:39:16.817699Z","level":"info","event":"Pushing xcom","ti":"RuntimeTaskInstance(id=UUID('019c4e6d-a663-778f-896e-b46c6ad0a6f9'), task_id='run_all_models', dag_id='dbt_dag', run_id='manual__2026-02-11T20:38:54.788723+00:00', try_number=1, dag_version_id=UUID('019c4e47-5e36-7df3-ae78-af530bb34aa8'), map_index=-1, hostname='5c691c1b3829', context_carrier={}, task=<Task(BashOperator): run_all_models>, bundle_instance=LocalDagBundle(name=dags-folder), max_tries=1, start_date=datetime.datetime(2026, 2, 11, 20, 39, 7, 531482, tzinfo=datetime.timezone.utc), end_date=None, state=<TaskInstanceState.RUNNING: 'running'>, is_mapped=False, rendered_map_index=None)","logger":"task","filename":"task_runner.py","lineno":1522}
{"timestamp":"2026-02-11T20:39:16.905555Z","level":"info","event":"Task instance in success state","logger":"task.stdout"}
{"timestamp":"2026-02-11T20:39:16.907079Z","level":"info","event":" Previous state of the Task instance: TaskInstanceState.RUNNING","logger":"task.stdout"}
{"timestamp":"2026-02-11T20:39:16.908123Z","level":"info","event":"Task operator:<Task(BashOperator): run_all_models>","logger":"task.stdout"}
